TN:
SF:src\middleware.ts
FN:28,middleware
FN:46,(anonymous_7)
FN:47,(anonymous_8)
FN:109,(anonymous_9)
FNF:4
FNH:0
FNDA:0,middleware
FNDA:0,(anonymous_7)
FNDA:0,(anonymous_8)
FNDA:0,(anonymous_9)
DA:1,0
DA:2,0
DA:3,0
DA:6,0
DA:14,0
DA:28,0
DA:29,0
DA:32,0
DA:33,0
DA:34,0
DA:42,0
DA:46,0
DA:47,0
DA:50,0
DA:51,0
DA:56,0
DA:58,0
DA:59,0
DA:60,0
DA:64,0
DA:65,0
DA:68,0
DA:69,0
DA:74,0
DA:75,0
DA:80,0
DA:82,0
DA:83,0
DA:84,0
DA:85,0
DA:87,0
DA:93,0
DA:94,0
DA:96,0
DA:104,0
DA:108,0
DA:109,0
DA:110,0
DA:112,0
DA:116,0
LF:40
LH:0
BRDA:32,0,0,0
BRDA:32,0,1,0
BRDA:47,1,0,0
BRDA:47,1,1,0
BRDA:50,2,0,0
BRDA:50,2,1,0
BRDA:56,3,0,0
BRDA:56,3,1,0
BRDA:64,4,0,0
BRDA:64,4,1,0
BRDA:64,5,0,0
BRDA:64,5,1,0
BRDA:68,6,0,0
BRDA:68,6,1,0
BRDA:68,7,0,0
BRDA:68,7,1,0
BRDA:68,7,2,0
BRDA:74,8,0,0
BRDA:74,8,1,0
BRDA:74,9,0,0
BRDA:74,9,1,0
BRDA:80,10,0,0
BRDA:80,10,1,0
BRDA:82,11,0,0
BRDA:82,11,1,0
BRDA:84,12,0,0
BRDA:84,12,1,0
BRDA:96,13,0,0
BRDA:96,13,1,0
BRDA:97,14,0,0
BRDA:97,14,1,0
BRDA:97,14,2,0
BRDA:97,14,3,0
BRDA:97,14,4,0
BRDA:97,14,5,0
BRF:35
BRH:0
end_of_record
TN:
SF:src\app\error.tsx
FN:8,Error
FN:15,(anonymous_3)
FNF:2
FNH:0
FNDA:0,Error
FNDA:0,(anonymous_3)
DA:3,0
DA:4,0
DA:5,0
DA:6,0
DA:8,0
DA:15,0
DA:17,0
LF:7
LH:0
BRDA:35,0,0,0
BRF:1
BRH:0
end_of_record
TN:
SF:src\app\layout.tsx
FN:110,RootLayout
FNF:1
FNH:0
FNDA:0,RootLayout
DA:2,0
DA:6,0
DA:7,0
DA:8,0
DA:9,0
DA:10,0
DA:11,0
DA:12,0
DA:14,0
DA:19,0
DA:24,0
DA:30,0
DA:35,0
DA:110,0
LF:14
LH:0
BRF:0
BRH:0
end_of_record
TN:
SF:src\app\loading.tsx
FN:3,Loading
FNF:1
FNH:0
FNDA:0,Loading
DA:1,0
DA:3,0
LF:2
LH:0
BRF:0
BRH:0
end_of_record
TN:
SF:src\app\manifest.ts
FN:3,manifest
FNF:1
FNH:0
FNDA:0,manifest
DA:3,0
DA:4,0
LF:2
LH:0
BRF:0
BRH:0
end_of_record
TN:
SF:src\app\not-found.tsx
FN:5,NotFound
FNF:1
FNH:0
FNDA:0,NotFound
DA:1,0
DA:2,0
DA:3,0
DA:5,0
LF:4
LH:0
BRF:0
BRH:0
end_of_record
TN:
SF:src\app\robots.ts
FN:3,robots
FNF:1
FNH:0
FNDA:0,robots
DA:3,0
DA:4,0
DA:6,0
LF:3
LH:0
BRF:0
BRH:0
end_of_record
TN:
SF:src\app\sitemap.ts
FN:3,sitemap
FN:66,(anonymous_2)
FNF:2
FNH:0
FNDA:0,sitemap
FNDA:0,(anonymous_2)
DA:3,0
DA:4,0
DA:5,0
DA:8,0
DA:60,0
DA:66,0
DA:73,0
LF:7
LH:0
BRF:0
BRH:0
end_of_record
TN:
SF:src\app\(admin)\layout.tsx
FN:39,AdminLayout
FN:78,(anonymous_3)
FN:86,(anonymous_4)
FN:91,(anonymous_5)
FN:98,(anonymous_6)
FN:126,(anonymous_7)
FN:148,(anonymous_8)
FN:166,(anonymous_9)
FNF:8
FNH:0
FNDA:0,AdminLayout
FNDA:0,(anonymous_3)
FNDA:0,(anonymous_4)
FNDA:0,(anonymous_5)
FNDA:0,(anonymous_6)
FNDA:0,(anonymous_7)
FNDA:0,(anonymous_8)
FNDA:0,(anonymous_9)
DA:3,0
DA:4,0
DA:19,0
DA:20,0
DA:21,0
DA:22,0
DA:23,0
DA:24,0
DA:27,0
DA:39,0
DA:44,0
DA:45,0
DA:46,0
DA:49,0
DA:61,0
DA:78,0
DA:86,0
DA:92,0
DA:94,0
DA:98,0
DA:127,0
DA:129,0
DA:148,0
DA:166,0
LF:24
LH:0
BRDA:49,0,0,0
BRDA:49,0,1,0
BRDA:61,1,0,0
BRDA:61,1,1,0
BRDA:74,2,0,0
BRDA:92,3,0,0
BRDA:92,3,1,0
BRDA:92,3,2,0
BRDA:101,4,0,0
BRDA:101,4,1,0
BRDA:127,5,0,0
BRDA:127,5,1,0
BRDA:127,5,2,0
BRDA:135,6,0,0
BRDA:135,6,1,0
BRDA:175,7,0,0
BRDA:175,7,1,0
BRDA:175,7,2,0
BRDA:178,8,0,0
BRDA:178,8,1,0
BRF:20
BRH:0
end_of_record
TN:
SF:src\app\(admin)\admin\page.tsx
FN:71,AdminDashboard
FN:78,(anonymous_2)
FN:121,(anonymous_3)
FN:157,(anonymous_4)
FN:161,(anonymous_5)
FN:167,(anonymous_6)
FN:171,(anonymous_7)
FN:354,(anonymous_8)
FN:381,(anonymous_9)
FNF:9
FNH:0
FNDA:0,AdminDashboard
FNDA:0,(anonymous_2)
FNDA:0,(anonymous_3)
FNDA:0,(anonymous_4)
FNDA:0,(anonymous_5)
FNDA:0,(anonymous_6)
FNDA:0,(anonymous_7)
FNDA:0,(anonymous_8)
FNDA:0,(anonymous_9)
DA:3,0
DA:4,0
DA:19,0
DA:20,0
DA:51,0
DA:61,0
DA:71,0
DA:72,0
DA:73,0
DA:74,0
DA:75,0
DA:76,0
DA:78,0
DA:79,0
DA:81,0
DA:86,0
DA:87,0
DA:89,0
DA:119,0
DA:120,0
DA:121,0
DA:133,0
DA:140,0
DA:142,0
DA:154,0
DA:157,0
DA:158,0
DA:161,0
DA:162,0
DA:163,0
DA:164,0
DA:167,0
DA:168,0
DA:171,0
DA:172,0
DA:173,0
DA:174,0
DA:175,0
DA:176,0
DA:177,0
DA:178,0
DA:179,0
DA:182,0
DA:355,0
DA:382,0
LF:45
LH:0
BRDA:86,0,0,0
BRDA:86,0,1,0
BRDA:91,1,0,0
BRDA:91,1,1,0
BRDA:92,2,0,0
BRDA:92,2,1,0
BRDA:93,3,0,0
BRDA:93,3,1,0
BRDA:94,4,0,0
BRDA:94,4,1,0
BRDA:95,5,0,0
BRDA:95,5,1,0
BRDA:98,6,0,0
BRDA:98,6,1,0
BRDA:100,7,0,0
BRDA:100,7,1,0
BRDA:103,8,0,0
BRDA:103,8,1,0
BRDA:105,9,0,0
BRDA:105,9,1,0
BRDA:108,10,0,0
BRDA:108,10,1,0
BRDA:108,11,0,0
BRDA:108,11,1,0
BRDA:114,12,0,0
BRDA:114,12,1,0
BRDA:114,13,0,0
BRDA:114,13,1,0
BRDA:119,14,0,0
BRDA:119,14,1,0
BRDA:121,15,0,0
BRDA:121,15,1,0
BRDA:123,16,0,0
BRDA:123,16,1,0
BRDA:124,17,0,0
BRDA:124,17,1,0
BRDA:125,18,0,0
BRDA:125,18,1,0
BRDA:125,18,2,0
BRDA:126,19,0,0
BRDA:126,19,1,0
BRDA:127,20,0,0
BRDA:127,20,1,0
BRDA:128,21,0,0
BRDA:128,21,1,0
BRDA:176,22,0,0
BRDA:176,22,1,0
BRDA:178,23,0,0
BRDA:178,23,1,0
BRDA:182,24,0,0
BRDA:182,24,1,0
BRDA:201,25,0,0
BRDA:201,25,1,0
BRDA:214,26,0,0
BRDA:214,26,1,0
BRDA:217,27,0,0
BRDA:216,28,0,0
BRDA:216,28,1,0
BRDA:221,29,0,0
BRDA:221,29,1,0
BRDA:221,30,0,0
BRDA:221,30,1,0
BRDA:222,31,0,0
BRDA:222,31,1,0
BRDA:235,32,0,0
BRDA:235,32,1,0
BRDA:238,33,0,0
BRDA:238,33,1,0
BRDA:241,34,0,0
BRDA:241,34,1,0
BRDA:244,35,0,0
BRDA:244,35,1,0
BRDA:256,36,0,0
BRDA:256,36,1,0
BRDA:259,37,0,0
BRDA:258,38,0,0
BRDA:258,38,1,0
BRDA:263,39,0,0
BRDA:263,39,1,0
BRDA:263,40,0,0
BRDA:263,40,1,0
BRDA:264,41,0,0
BRDA:264,41,1,0
BRDA:277,42,0,0
BRDA:277,42,1,0
BRDA:280,43,0,0
BRDA:280,43,1,0
BRDA:295,44,0,0
BRDA:295,44,1,0
BRDA:306,45,0,0
BRDA:306,45,1,0
BRDA:308,46,0,0
BRDA:308,46,1,0
BRDA:308,47,0,0
BRDA:308,47,1,0
BRDA:319,48,0,0
BRDA:319,48,1,0
BRDA:321,49,0,0
BRDA:321,49,1,0
BRDA:326,50,0,0
BRDA:326,50,1,0
BRDA:329,51,0,0
BRDA:329,51,1,0
BRDA:332,52,0,0
BRDA:332,52,1,0
BRDA:333,53,0,0
BRDA:333,53,1,0
BRDA:336,54,0,0
BRDA:336,54,1,0
BRDA:351,55,0,0
BRDA:351,55,1,0
BRDA:361,56,0,0
BRDA:361,56,1,0
BRDA:362,57,0,0
BRDA:362,57,1,0
BRDA:384,58,0,0
BRDA:384,58,1,0
BRDA:385,59,0,0
BRDA:385,59,1,0
BRDA:386,60,0,0
BRDA:386,60,1,0
BRDA:389,61,0,0
BRDA:390,62,0,0
BRDA:391,63,0,0
BRDA:392,64,0,0
BRF:125
BRH:0
end_of_record
TN:
SF:src\app\(admin)\admin\agendamentos\page.tsx
FN:138,(anonymous_1)
FN:140,AgendamentosPage
FN:163,(anonymous_3)
FN:173,(anonymous_4)
FN:186,(anonymous_5)
FN:188,(anonymous_6)
FN:197,(anonymous_7)
FN:222,(anonymous_8)
FN:243,(anonymous_9)
FN:251,(anonymous_10)
FN:275,(anonymous_11)
FN:282,(anonymous_12)
FN:289,(anonymous_13)
FN:293,(anonymous_14)
FN:308,(anonymous_15)
FN:310,(anonymous_16)
FN:318,(anonymous_17)
FN:390,(anonymous_18)
FNF:18
FNH:0
FNDA:0,(anonymous_1)
FNDA:0,AgendamentosPage
FNDA:0,(anonymous_3)
FNDA:0,(anonymous_4)
FNDA:0,(anonymous_5)
FNDA:0,(anonymous_6)
FNDA:0,(anonymous_7)
FNDA:0,(anonymous_8)
FNDA:0,(anonymous_9)
FNDA:0,(anonymous_10)
FNDA:0,(anonymous_11)
FNDA:0,(anonymous_12)
FNDA:0,(anonymous_13)
FNDA:0,(anonymous_14)
FNDA:0,(anonymous_15)
FNDA:0,(anonymous_16)
FNDA:0,(anonymous_17)
FNDA:0,(anonymous_18)
DA:3,0
DA:4,0
DA:5,0
DA:17,0
DA:18,0
DA:44,0
DA:123,0
DA:130,0
DA:138,0
DA:140,0
DA:141,0
DA:142,0
DA:143,0
DA:146,0
DA:152,0
DA:163,0
DA:164,0
DA:165,0
DA:166,0
DA:171,0
DA:174,0
DA:175,0
DA:186,0
DA:188,0
DA:189,0
DA:197,0
DA:198,0
DA:199,0
DA:200,0
DA:202,0
DA:204,0
DA:222,0
DA:243,0
DA:251,0
DA:275,0
DA:282,0
DA:289,0
DA:293,0
DA:309,0
DA:310,0
DA:312,0
DA:319,0
DA:391,0
LF:43
LH:0
BRDA:164,0,0,0
BRDA:164,0,1,0
BRDA:171,1,0,0
BRDA:171,1,1,0
BRDA:173,2,0,0
BRDA:173,2,1,0
BRDA:199,3,0,0
BRDA:199,3,1,0
BRDA:200,4,0,0
BRDA:200,4,1,0
BRDA:202,5,0,0
BRDA:202,5,1,0
BRDA:214,6,0,0
BRDA:223,7,0,0
BRDA:223,7,1,0
BRDA:273,8,0,0
BRDA:273,8,1,0
BRDA:280,9,0,0
BRDA:280,9,1,0
BRDA:300,10,0,0
BRDA:299,11,0,0
BRDA:299,11,1,0
BRDA:306,12,0,0
BRDA:345,13,0,0
BRDA:348,14,0,0
BRDA:358,15,0,0
BRDA:369,16,0,0
BRDA:390,17,0,0
BRDA:412,18,0,0
BRDA:415,19,0,0
BRDA:422,20,0,0
BRF:31
BRH:0
end_of_record
TN:
SF:src\app\(admin)\admin\analytics\page.tsx
FN:69,AnalyticsDashboard
FN:79,(anonymous_2)
FN:81,(anonymous_3)
FN:111,(anonymous_4)
FN:113,(anonymous_5)
FN:149,(anonymous_6)
FN:151,(anonymous_7)
FN:167,(anonymous_8)
FN:186,(anonymous_9)
FN:192,(anonymous_10)
FN:204,(anonymous_11)
FN:208,(anonymous_12)
FN:220,(anonymous_13)
FN:232,(anonymous_14)
FN:236,(anonymous_15)
FN:245,(anonymous_16)
FN:256,(anonymous_17)
FN:267,(anonymous_18)
FN:301,(anonymous_19)
FN:306,(anonymous_20)
FN:401,(anonymous_21)
FN:470,(anonymous_22)
FN:537,(anonymous_23)
FN:564,(anonymous_24)
FN:565,(anonymous_25)
FNF:25
FNH:0
FNDA:0,AnalyticsDashboard
FNDA:0,(anonymous_2)
FNDA:0,(anonymous_3)
FNDA:0,(anonymous_4)
FNDA:0,(anonymous_5)
FNDA:0,(anonymous_6)
FNDA:0,(anonymous_7)
FNDA:0,(anonymous_8)
FNDA:0,(anonymous_9)
FNDA:0,(anonymous_10)
FNDA:0,(anonymous_11)
FNDA:0,(anonymous_12)
FNDA:0,(anonymous_13)
FNDA:0,(anonymous_14)
FNDA:0,(anonymous_15)
FNDA:0,(anonymous_16)
FNDA:0,(anonymous_17)
FNDA:0,(anonymous_18)
FNDA:0,(anonymous_19)
FNDA:0,(anonymous_20)
FNDA:0,(anonymous_21)
FNDA:0,(anonymous_22)
FNDA:0,(anonymous_23)
FNDA:0,(anonymous_24)
FNDA:0,(anonymous_25)
DA:3,0
DA:4,0
DA:5,0
DA:6,0
DA:16,0
DA:69,0
DA:70,0
DA:71,0
DA:72,0
DA:73,0
DA:74,0
DA:75,0
DA:76,0
DA:79,0
DA:81,0
DA:84,0
DA:86,0
DA:111,0
DA:113,0
DA:115,0
DA:149,0
DA:151,0
DA:153,0
DA:167,0
DA:168,0
DA:169,0
DA:170,0
DA:175,0
DA:176,0
DA:177,0
DA:178,0
DA:180,0
DA:182,0
DA:186,0
DA:187,0
DA:188,0
DA:189,0
DA:192,0
DA:193,0
DA:200,0
DA:201,0
DA:204,0
DA:205,0
DA:208,0
DA:209,0
DA:210,0
DA:212,0
DA:214,0
DA:216,0
DA:220,0
DA:221,0
DA:222,0
DA:224,0
DA:226,0
DA:228,0
DA:232,0
DA:233,0
DA:236,0
DA:237,0
DA:238,0
DA:239,0
DA:240,0
DA:241,0
DA:242,0
DA:245,0
DA:246,0
DA:248,0
DA:250,0
DA:252,0
DA:256,0
DA:257,0
DA:259,0
DA:261,0
DA:263,0
DA:267,0
DA:268,0
DA:270,0
DA:272,0
DA:274,0
DA:278,0
DA:302,0
DA:306,0
DA:402,0
DA:403,0
DA:405,0
DA:471,0
DA:538,0
DA:565,0
DA:566,0
DA:568,0
LF:90
LH:0
BRDA:84,0,0,0
BRDA:84,0,1,0
BRDA:84,1,0,0
BRDA:84,1,1,0
BRDA:209,2,0,0
BRDA:209,2,1,0
BRDA:210,3,0,0
BRDA:210,3,1,0
BRDA:210,3,2,0
BRDA:221,4,0,0
BRDA:221,4,1,0
BRDA:222,5,0,0
BRDA:222,5,1,0
BRDA:222,5,2,0
BRDA:239,6,0,0
BRDA:239,6,1,0
BRDA:241,7,0,0
BRDA:241,7,1,0
BRDA:246,8,0,0
BRDA:246,8,1,0
BRDA:246,8,2,0
BRDA:257,9,0,0
BRDA:257,9,1,0
BRDA:257,9,2,0
BRDA:268,10,0,0
BRDA:268,10,1,0
BRDA:268,10,2,0
BRDA:278,11,0,0
BRDA:278,11,1,0
BRDA:304,12,0,0
BRDA:304,12,1,0
BRDA:320,13,0,0
BRDA:320,13,1,0
BRDA:348,14,0,0
BRDA:348,14,1,0
BRDA:348,15,0,0
BRDA:348,15,1,0
BRDA:361,16,0,0
BRDA:361,16,1,0
BRDA:361,17,0,0
BRDA:361,17,1,0
BRDA:512,18,0,0
BRDA:512,18,1,0
BRDA:514,19,0,0
BRDA:514,19,1,0
BRDA:522,20,0,0
BRDA:522,20,1,0
BRDA:523,21,0,0
BRDA:523,21,1,0
BRDA:525,22,0,0
BRDA:525,22,1,0
BRDA:549,23,0,0
BRDA:549,23,1,0
BRDA:551,24,0,0
BRDA:551,24,1,0
BRDA:565,25,0,0
BRDA:565,25,1,0
BRDA:577,26,0,0
BRDA:577,26,1,0
BRDA:579,27,0,0
BRDA:579,27,1,0
BRF:61
BRH:0
end_of_record
TN:
SF:src\app\(admin)\admin\analytics\conversao\page.tsx
FN:70,ConversaoAnalyticsPage
FN:76,(anonymous_2)
FN:80,(anonymous_3)
FN:95,(anonymous_4)
FN:146,(anonymous_5)
FN:157,(anonymous_6)
FN:340,(anonymous_7)
FN:371,(anonymous_8)
FN:407,(anonymous_9)
FN:430,(anonymous_10)
FNF:10
FNH:0
FNDA:0,ConversaoAnalyticsPage
FNDA:0,(anonymous_2)
FNDA:0,(anonymous_3)
FNDA:0,(anonymous_4)
FNDA:0,(anonymous_5)
FNDA:0,(anonymous_6)
FNDA:0,(anonymous_7)
FNDA:0,(anonymous_8)
FNDA:0,(anonymous_9)
FNDA:0,(anonymous_10)
DA:3,0
DA:4,0
DA:5,0
DA:9,0
DA:10,0
DA:11,0
DA:70,0
DA:71,0
DA:72,0
DA:73,0
DA:74,0
DA:76,0
DA:77,0
DA:80,0
DA:81,0
DA:82,0
DA:83,0
DA:86,0
DA:87,0
DA:89,0
DA:91,0
DA:95,0
DA:96,0
DA:98,0
DA:113,0
DA:124,0
DA:146,0
DA:157,0
DA:341,0
DA:372,0
DA:407,0
DA:431,0
LF:32
LH:0
BRDA:96,0,0,0
BRDA:96,0,1,0
BRDA:113,1,0,0
BRDA:113,1,1,0
BRDA:124,2,0,0
BRDA:124,2,1,0
BRDA:217,3,0,0
BRDA:217,3,1,0
BRDA:224,4,0,0
BRDA:224,4,1,0
BRDA:231,5,0,0
BRDA:231,5,1,0
BRDA:238,6,0,0
BRDA:238,6,1,0
BRDA:252,7,0,0
BRDA:252,7,1,0
BRDA:263,8,0,0
BRDA:263,8,1,0
BRDA:274,9,0,0
BRDA:274,9,1,0
BRDA:285,10,0,0
BRDA:285,10,1,0
BRDA:350,11,0,0
BRDA:350,11,1,0
BRDA:352,12,0,0
BRDA:352,12,1,0
BRF:26
BRH:0
end_of_record
TN:
SF:src\app\(admin)\admin\clientes\page.tsx
FN:140,ClientesPage
FN:157,(anonymous_2)
FN:167,(anonymous_3)
FN:175,(anonymous_4)
FN:181,(anonymous_5)
FN:182,(anonymous_6)
FN:183,(anonymous_7)
FN:200,(anonymous_8)
FN:246,(anonymous_9)
FN:268,(anonymous_10)
FN:271,(anonymous_11)
FNF:11
FNH:0
FNDA:0,ClientesPage
FNDA:0,(anonymous_2)
FNDA:0,(anonymous_3)
FNDA:0,(anonymous_4)
FNDA:0,(anonymous_5)
FNDA:0,(anonymous_6)
FNDA:0,(anonymous_7)
FNDA:0,(anonymous_8)
FNDA:0,(anonymous_9)
FNDA:0,(anonymous_10)
FNDA:0,(anonymous_11)
DA:3,0
DA:4,0
DA:5,0
DA:6,0
DA:17,0
DA:18,0
DA:45,0
DA:128,0
DA:134,0
DA:140,0
DA:141,0
DA:142,0
DA:143,0
DA:151,0
DA:157,0
DA:158,0
DA:159,0
DA:160,0
DA:165,0
DA:167,0
DA:174,0
DA:176,0
DA:181,0
DA:182,0
DA:183,0
DA:200,0
DA:246,0
DA:269,0
DA:271,0
LF:29
LH:0
BRDA:158,0,0,0
BRDA:158,0,1,0
BRDA:165,1,0,0
BRDA:165,1,1,0
BRDA:167,2,0,0
BRDA:167,2,1,0
BRDA:169,3,0,0
BRDA:169,3,1,0
BRDA:176,4,0,0
BRDA:176,4,1,0
BRDA:176,4,2,0
BRDA:192,5,0,0
BRDA:201,6,0,0
BRDA:201,6,1,0
BRDA:263,7,0,0
BRDA:262,8,0,0
BRDA:262,8,1,0
BRDA:273,9,0,0
BRDA:273,9,1,0
BRDA:281,10,0,0
BRDA:300,11,0,0
BRDA:318,12,0,0
BRDA:321,13,0,0
BRDA:352,14,0,0
BRDA:360,15,0,0
BRF:25
BRH:0
end_of_record
TN:
SF:src\app\(admin)\admin\documentos\page.tsx
FN:99,DocumentosPage
FN:111,(anonymous_2)
FN:115,(anonymous_3)
FN:138,(anonymous_4)
FN:151,(anonymous_5)
FN:189,(anonymous_6)
FN:197,(anonymous_7)
FN:271,(anonymous_8)
FN:279,(anonymous_9)
FN:284,(anonymous_10)
FN:304,(anonymous_11)
FN:313,(anonymous_12)
FN:338,(anonymous_13)
FN:369,(anonymous_14)
FN:414,(anonymous_15)
FN:426,(anonymous_16)
FN:433,(anonymous_17)
FN:444,(anonymous_18)
FN:457,(anonymous_19)
FN:466,(anonymous_20)
FN:474,(anonymous_21)
FNF:21
FNH:0
FNDA:0,DocumentosPage
FNDA:0,(anonymous_2)
FNDA:0,(anonymous_3)
FNDA:0,(anonymous_4)
FNDA:0,(anonymous_5)
FNDA:0,(anonymous_6)
FNDA:0,(anonymous_7)
FNDA:0,(anonymous_8)
FNDA:0,(anonymous_9)
FNDA:0,(anonymous_10)
FNDA:0,(anonymous_11)
FNDA:0,(anonymous_12)
FNDA:0,(anonymous_13)
FNDA:0,(anonymous_14)
FNDA:0,(anonymous_15)
FNDA:0,(anonymous_16)
FNDA:0,(anonymous_17)
FNDA:0,(anonymous_18)
FNDA:0,(anonymous_19)
FNDA:0,(anonymous_20)
FNDA:0,(anonymous_21)
DA:3,0
DA:4,0
DA:5,0
DA:6,0
DA:20,0
DA:58,0
DA:81,0
DA:87,0
DA:99,0
DA:100,0
DA:101,0
DA:102,0
DA:103,0
DA:104,0
DA:105,0
DA:106,0
DA:107,0
DA:108,0
DA:111,0
DA:112,0
DA:115,0
DA:116,0
DA:117,0
DA:119,0
DA:120,0
DA:121,0
DA:122,0
DA:126,0
DA:127,0
DA:128,0
DA:129,0
DA:130,0
DA:133,0
DA:135,0
DA:138,0
DA:139,0
DA:140,0
DA:141,0
DA:142,0
DA:143,0
DA:144,0
DA:147,0
DA:151,0
DA:152,0
DA:154,0
DA:155,0
DA:156,0
DA:162,0
DA:163,0
DA:164,0
DA:165,0
DA:166,0
DA:169,0
DA:175,0
DA:176,0
DA:177,0
DA:178,0
DA:180,0
DA:183,0
DA:184,0
DA:186,0
DA:189,0
DA:190,0
DA:191,0
DA:193,0
DA:197,0
DA:198,0
DA:271,0
DA:280,0
DA:284,0
DA:305,0
DA:306,0
DA:307,0
DA:309,0
DA:313,0
DA:339,0
DA:340,0
DA:369,0
DA:414,0
DA:426,0
DA:433,0
DA:444,0
DA:457,0
DA:466,0
DA:474,0
LF:85
LH:0
BRDA:121,0,0,0
BRDA:121,0,1,0
BRDA:126,1,0,0
BRDA:126,1,1,0
BRDA:129,2,0,0
BRDA:129,2,1,0
BRDA:142,3,0,0
BRDA:142,3,1,0
BRDA:142,4,0,0
BRDA:142,4,1,0
BRDA:144,5,0,0
BRDA:144,5,1,0
BRDA:152,6,0,0
BRDA:152,6,1,0
BRDA:159,7,0,0
BRDA:159,7,1,0
BRDA:159,7,2,0
BRDA:162,8,0,0
BRDA:162,8,1,0
BRDA:163,9,0,0
BRDA:163,9,1,0
BRDA:164,10,0,0
BRDA:164,10,1,0
BRDA:164,11,0,0
BRDA:164,11,1,0
BRDA:165,12,0,0
BRDA:165,12,1,0
BRDA:166,13,0,0
BRDA:166,13,1,0
BRDA:176,14,0,0
BRDA:176,14,1,0
BRDA:189,15,0,0
BRDA:226,16,0,0
BRDA:275,17,0,0
BRDA:275,17,1,0
BRDA:282,18,0,0
BRDA:282,18,1,0
BRDA:286,19,0,0
BRDA:286,19,1,0
BRDA:286,20,0,0
BRDA:286,20,1,0
BRDA:295,21,0,0
BRDA:299,22,0,0
BRDA:319,23,0,0
BRDA:319,23,1,0
BRDA:319,23,2,0
BRDA:330,24,0,0
BRDA:330,24,1,0
BRDA:334,25,0,0
BRDA:334,25,1,0
BRDA:354,26,0,0
BRDA:441,27,0,0
BRDA:452,28,0,0
BRDA:452,28,1,0
BRDA:458,29,0,0
BRDA:458,29,1,0
BRDA:467,30,0,0
BRDA:467,30,1,0
BRF:58
BRH:0
end_of_record
TN:
SF:src\app\(admin)\admin\leads\page.tsx
FN:125,LeadsPage
FN:153,(anonymous_2)
FN:159,(anonymous_3)
FN:171,(anonymous_4)
FN:181,(anonymous_5)
FN:191,(anonymous_6)
FN:194,(anonymous_7)
FN:209,(anonymous_8)
FN:210,(anonymous_9)
FN:232,(anonymous_10)
FN:248,(anonymous_11)
FN:255,(anonymous_12)
FN:278,(anonymous_13)
FN:281,(anonymous_14)
FN:286,(anonymous_15)
FN:315,(anonymous_16)
FN:318,(anonymous_17)
FN:377,(anonymous_18)
FN:377,(anonymous_19)
FN:388,(anonymous_20)
FN:388,(anonymous_21)
FN:490,(anonymous_22)
FN:497,(anonymous_23)
FN:507,(anonymous_24)
FN:525,(anonymous_25)
FNF:25
FNH:0
FNDA:0,LeadsPage
FNDA:0,(anonymous_2)
FNDA:0,(anonymous_3)
FNDA:0,(anonymous_4)
FNDA:0,(anonymous_5)
FNDA:0,(anonymous_6)
FNDA:0,(anonymous_7)
FNDA:0,(anonymous_8)
FNDA:0,(anonymous_9)
FNDA:0,(anonymous_10)
FNDA:0,(anonymous_11)
FNDA:0,(anonymous_12)
FNDA:0,(anonymous_13)
FNDA:0,(anonymous_14)
FNDA:0,(anonymous_15)
FNDA:0,(anonymous_16)
FNDA:0,(anonymous_17)
FNDA:0,(anonymous_18)
FNDA:0,(anonymous_19)
FNDA:0,(anonymous_20)
FNDA:0,(anonymous_21)
FNDA:0,(anonymous_22)
FNDA:0,(anonymous_23)
FNDA:0,(anonymous_24)
FNDA:0,(anonymous_25)
DA:3,0
DA:4,0
DA:5,0
DA:6,0
DA:18,0
DA:19,0
DA:36,0
DA:44,0
DA:52,0
DA:125,0
DA:126,0
DA:127,0
DA:128,0
DA:129,0
DA:130,0
DA:131,0
DA:139,0
DA:152,0
DA:154,0
DA:159,0
DA:160,0
DA:161,0
DA:162,0
DA:166,0
DA:167,0
DA:170,0
DA:173,0
DA:177,0
DA:179,0
DA:183,0
DA:184,0
DA:191,0
DA:192,0
DA:194,0
DA:195,0
DA:196,0
DA:197,0
DA:198,0
DA:202,0
DA:207,0
DA:210,0
DA:211,0
DA:232,0
DA:248,0
DA:256,0
DA:257,0
DA:279,0
DA:281,0
DA:282,0
DA:286,0
DA:316,0
DA:318,0
DA:377,0
DA:388,0
DA:490,0
DA:497,0
DA:507,0
DA:526,0
LF:58
LH:0
BRDA:141,0,0,0
BRDA:141,0,1,0
BRDA:160,1,0,0
BRDA:160,1,1,0
BRDA:166,2,0,0
BRDA:166,2,1,0
BRDA:166,3,0,0
BRDA:166,3,1,0
BRDA:167,4,0,0
BRDA:167,4,1,0
BRDA:167,5,0,0
BRDA:167,5,1,0
BRDA:170,6,0,0
BRDA:170,6,1,0
BRDA:173,7,0,0
BRDA:173,7,1,0
BRDA:173,7,2,0
BRDA:177,8,0,0
BRDA:177,8,1,0
BRDA:179,9,0,0
BRDA:179,9,1,0
BRDA:183,10,0,0
BRDA:183,10,1,0
BRDA:185,11,0,0
BRDA:185,11,1,0
BRDA:185,11,2,0
BRDA:192,12,0,0
BRDA:192,12,1,0
BRDA:195,13,0,0
BRDA:195,13,1,0
BRDA:197,14,0,0
BRDA:197,14,1,0
BRDA:207,15,0,0
BRDA:207,15,1,0
BRDA:224,16,0,0
BRDA:233,17,0,0
BRDA:233,17,1,0
BRDA:279,18,0,0
BRDA:279,18,1,0
BRDA:280,19,0,0
BRDA:280,19,1,0
BRDA:304,20,0,0
BRDA:304,20,1,0
BRDA:310,21,0,0
BRDA:309,22,0,0
BRDA:309,22,1,0
BRDA:320,23,0,0
BRDA:320,23,1,0
BRDA:359,24,0,0
BRDA:386,25,0,0
BRDA:386,25,1,0
BRDA:404,26,0,0
BRDA:404,26,1,0
BRDA:409,27,0,0
BRDA:454,28,0,0
BRDA:466,29,0,0
BRDA:509,30,0,0
BRDA:509,30,1,0
BRDA:512,31,0,0
BRDA:512,31,1,0
BRF:60
BRH:0
end_of_record
TN:
SF:src\app\(admin)\admin\leads\qualificados\page.tsx
FN:43,QualifiedLeadsPage
FN:49,(anonymous_2)
FN:53,(anonymous_3)
FN:66,(anonymous_4)
FN:81,(anonymous_5)
FN:98,(anonymous_6)
FN:113,(anonymous_7)
FN:126,(anonymous_8)
FN:140,(anonymous_9)
FN:141,(anonymous_10)
FN:142,(anonymous_11)
FN:143,(anonymous_12)
FN:215,(anonymous_13)
FN:262,(anonymous_14)
FN:302,(anonymous_15)
FN:312,(anonymous_16)
FNF:16
FNH:0
FNDA:0,QualifiedLeadsPage
FNDA:0,(anonymous_2)
FNDA:0,(anonymous_3)
FNDA:0,(anonymous_4)
FNDA:0,(anonymous_5)
FNDA:0,(anonymous_6)
FNDA:0,(anonymous_7)
FNDA:0,(anonymous_8)
FNDA:0,(anonymous_9)
FNDA:0,(anonymous_10)
FNDA:0,(anonymous_11)
FNDA:0,(anonymous_12)
FNDA:0,(anonymous_13)
FNDA:0,(anonymous_14)
FNDA:0,(anonymous_15)
FNDA:0,(anonymous_16)
DA:3,0
DA:4,0
DA:5,0
DA:6,0
DA:14,0
DA:21,0
DA:22,0
DA:43,0
DA:44,0
DA:45,0
DA:46,0
DA:47,0
DA:49,0
DA:50,0
DA:53,0
DA:54,0
DA:55,0
DA:56,0
DA:57,0
DA:58,0
DA:60,0
DA:62,0
DA:66,0
DA:67,0
DA:81,0
DA:82,0
DA:98,0
DA:99,0
DA:101,0
DA:103,0
DA:105,0
DA:107,0
DA:109,0
DA:113,0
DA:114,0
DA:115,0
DA:120,0
DA:122,0
DA:126,0
DA:127,0
DA:128,0
DA:129,0
DA:135,0
DA:138,0
DA:140,0
DA:141,0
DA:142,0
DA:143,0
DA:215,0
DA:263,0
DA:304,0
DA:312,0
LF:52
LH:0
BRDA:58,0,0,0
BRDA:58,0,1,0
BRDA:99,1,0,0
BRDA:99,1,1,0
BRDA:99,1,2,0
BRDA:99,1,3,0
BRDA:99,1,4,0
BRDA:127,2,0,0
BRDA:127,2,1,0
BRDA:130,3,0,0
BRDA:130,3,1,0
BRDA:130,3,2,0
BRDA:240,4,0,0
BRDA:244,5,0,0
BRDA:266,6,0,0
BRDA:266,6,1,0
BRDA:309,7,0,0
BRF:17
BRH:0
end_of_record
TN:
SF:src\app\(admin)\admin\prazos\page.tsx
FN:68,PrazosPage
FN:78,(anonymous_2)
FN:82,(anonymous_3)
FN:86,fetchDeadlines
FN:115,filterDeadlines
FN:121,(anonymous_6)
FN:130,(anonymous_7)
FN:135,(anonymous_8)
FN:145,getMockDeadlines
FN:192,getDaysRemaining
FN:199,getUrgencyBadge
FN:213,updateStatus
FN:228,syncToCalendar
FN:256,(anonymous_14)
FN:258,(anonymous_15)
FN:261,(anonymous_16)
FN:356,(anonymous_17)
FN:364,(anonymous_18)
FN:371,(anonymous_19)
FN:378,(anonymous_20)
FN:385,(anonymous_21)
FN:411,(anonymous_22)
FN:470,(anonymous_23)
FN:479,(anonymous_24)
FN:491,(anonymous_25)
FN:502,(anonymous_26)
FNF:26
FNH:0
FNDA:0,PrazosPage
FNDA:0,(anonymous_2)
FNDA:0,(anonymous_3)
FNDA:0,fetchDeadlines
FNDA:0,filterDeadlines
FNDA:0,(anonymous_6)
FNDA:0,(anonymous_7)
FNDA:0,(anonymous_8)
FNDA:0,getMockDeadlines
FNDA:0,getDaysRemaining
FNDA:0,getUrgencyBadge
FNDA:0,updateStatus
FNDA:0,syncToCalendar
FNDA:0,(anonymous_14)
FNDA:0,(anonymous_15)
FNDA:0,(anonymous_16)
FNDA:0,(anonymous_17)
FNDA:0,(anonymous_18)
FNDA:0,(anonymous_19)
FNDA:0,(anonymous_20)
FNDA:0,(anonymous_21)
FNDA:0,(anonymous_22)
FNDA:0,(anonymous_23)
FNDA:0,(anonymous_24)
FNDA:0,(anonymous_25)
FNDA:0,(anonymous_26)
DA:3,0
DA:4,0
DA:5,0
DA:6,0
DA:7,0
DA:19,0
DA:20,0
DA:38,0
DA:61,0
DA:68,0
DA:69,0
DA:70,0
DA:71,0
DA:72,0
DA:73,0
DA:74,0
DA:76,0
DA:78,0
DA:79,0
DA:82,0
DA:83,0
DA:87,0
DA:88,0
DA:89,0
DA:104,0
DA:106,0
DA:108,0
DA:109,0
DA:111,0
DA:116,0
DA:119,0
DA:120,0
DA:122,0
DA:129,0
DA:130,0
DA:134,0
DA:135,0
DA:136,0
DA:137,0
DA:138,0
DA:142,0
DA:146,0
DA:193,0
DA:194,0
DA:195,0
DA:196,0
DA:200,0
DA:202,0
DA:203,0
DA:204,0
DA:205,0
DA:206,0
DA:207,0
DA:209,0
DA:214,0
DA:215,0
DA:220,0
DA:222,0
DA:224,0
DA:229,0
DA:230,0
DA:236,0
DA:238,0
DA:239,0
DA:240,0
DA:242,0
DA:244,0
DA:247,0
DA:250,0
DA:251,0
DA:255,0
DA:256,0
DA:258,0
DA:261,0
DA:356,0
DA:364,0
DA:371,0
DA:378,0
DA:385,0
DA:412,0
DA:413,0
DA:415,0
DA:470,0
DA:479,0
DA:491,0
DA:502,0
LF:86
LH:0
BRDA:104,0,0,0
BRDA:104,0,1,0
BRDA:106,1,0,0
BRDA:106,1,1,0
BRDA:119,2,0,0
BRDA:119,2,1,0
BRDA:122,3,0,0
BRDA:122,3,1,0
BRDA:122,3,2,0
BRDA:129,4,0,0
BRDA:129,4,1,0
BRDA:134,5,0,0
BRDA:134,5,1,0
BRDA:202,6,0,0
BRDA:202,6,1,0
BRDA:204,7,0,0
BRDA:204,7,1,0
BRDA:206,8,0,0
BRDA:206,8,1,0
BRDA:220,9,0,0
BRDA:220,9,1,0
BRDA:238,10,0,0
BRDA:238,10,1,0
BRDA:239,11,0,0
BRDA:239,11,1,0
BRDA:242,12,0,0
BRDA:242,12,1,0
BRDA:247,13,0,0
BRDA:247,13,1,0
BRDA:258,14,0,0
BRDA:258,14,1,0
BRDA:261,15,0,0
BRDA:261,15,1,0
BRDA:278,16,0,0
BRDA:363,17,0,0
BRDA:363,17,1,0
BRDA:370,18,0,0
BRDA:370,18,1,0
BRDA:377,19,0,0
BRDA:377,19,1,0
BRDA:384,20,0,0
BRDA:384,20,1,0
BRDA:397,21,0,0
BRDA:397,21,1,0
BRDA:403,22,0,0
BRDA:403,22,1,0
BRDA:423,23,0,0
BRDA:423,23,1,0
BRDA:425,24,0,0
BRDA:425,24,1,0
BRDA:427,25,0,0
BRDA:459,26,0,0
BRDA:465,27,0,0
BRDA:483,28,0,0
BRDA:483,28,1,0
BRDA:498,29,0,0
BRF:56
BRH:0
end_of_record
TN:
SF:src\app\(admin)\admin\processos\page.tsx
FN:81,ProcessosPage
FN:91,(anonymous_5)
FN:95,(anonymous_6)
FN:99,fetchAlerts
FN:122,filterAlerts
FN:128,(anonymous_9)
FN:137,(anonymous_10)
FN:143,getMockAlerts
FN:188,handleFileUpload
FN:212,updateStatus
FN:227,getPortalUrl
FN:247,(anonymous_15)
FN:248,(anonymous_16)
FN:249,(anonymous_17)
FN:335,(anonymous_18)
FN:343,(anonymous_19)
FN:349,(anonymous_20)
FN:355,(anonymous_21)
FN:361,(anonymous_22)
FN:386,(anonymous_23)
FN:442,(anonymous_24)
FN:478,(anonymous_25)
FN:490,(anonymous_26)
FN:502,(anonymous_27)
FN:514,(anonymous_28)
FNF:25
FNH:0
FNDA:0,ProcessosPage
FNDA:0,(anonymous_5)
FNDA:0,(anonymous_6)
FNDA:0,fetchAlerts
FNDA:0,filterAlerts
FNDA:0,(anonymous_9)
FNDA:0,(anonymous_10)
FNDA:0,getMockAlerts
FNDA:0,handleFileUpload
FNDA:0,updateStatus
FNDA:0,getPortalUrl
FNDA:0,(anonymous_15)
FNDA:0,(anonymous_16)
FNDA:0,(anonymous_17)
FNDA:0,(anonymous_18)
FNDA:0,(anonymous_19)
FNDA:0,(anonymous_20)
FNDA:0,(anonymous_21)
FNDA:0,(anonymous_22)
FNDA:0,(anonymous_23)
FNDA:0,(anonymous_24)
FNDA:0,(anonymous_25)
FNDA:0,(anonymous_26)
FNDA:0,(anonymous_27)
FNDA:0,(anonymous_28)
DA:3,0
DA:4,0
DA:5,0
DA:6,0
DA:7,0
DA:21,0
DA:22,0
DA:23,0
DA:43,0
DA:66,0
DA:73,0
DA:81,0
DA:82,0
DA:83,0
DA:84,0
DA:85,0
DA:86,0
DA:87,0
DA:89,0
DA:91,0
DA:92,0
DA:95,0
DA:96,0
DA:100,0
DA:101,0
DA:102,0
DA:108,0
DA:110,0
DA:112,0
DA:114,0
DA:116,0
DA:118,0
DA:123,0
DA:126,0
DA:127,0
DA:129,0
DA:136,0
DA:137,0
DA:140,0
DA:144,0
DA:189,0
DA:190,0
DA:192,0
DA:193,0
DA:196,0
DA:198,0
DA:199,0
DA:202,0
DA:205,0
DA:206,0
DA:208,0
DA:213,0
DA:214,0
DA:219,0
DA:221,0
DA:223,0
DA:229,0
DA:231,0
DA:236,0
DA:238,0
DA:240,0
DA:246,0
DA:247,0
DA:248,0
DA:249,0
DA:335,0
DA:343,0
DA:349,0
DA:355,0
DA:361,0
DA:387,0
DA:443,0
DA:444,0
DA:445,0
DA:479,0
DA:480,0
DA:490,0
DA:502,0
DA:514,0
LF:79
LH:0
BRDA:110,0,0,0
BRDA:110,0,1,0
BRDA:112,1,0,0
BRDA:112,1,1,0
BRDA:126,2,0,0
BRDA:126,2,1,0
BRDA:129,3,0,0
BRDA:129,3,1,0
BRDA:129,3,2,0
BRDA:136,4,0,0
BRDA:136,4,1,0
BRDA:198,5,0,0
BRDA:198,5,1,0
BRDA:219,6,0,0
BRDA:219,6,1,0
BRDA:229,7,0,0
BRDA:229,7,1,0
BRDA:229,7,2,0
BRDA:229,7,3,0
BRDA:265,8,0,0
BRDA:342,9,0,0
BRDA:342,9,1,0
BRDA:348,10,0,0
BRDA:348,10,1,0
BRDA:354,11,0,0
BRDA:354,11,1,0
BRDA:360,12,0,0
BRDA:360,12,1,0
BRDA:372,13,0,0
BRDA:372,13,1,0
BRDA:378,14,0,0
BRDA:378,14,1,0
BRDA:395,15,0,0
BRDA:395,15,1,0
BRDA:458,16,0,0
BRDA:458,16,1,0
BRDA:461,17,0,0
BRDA:480,18,0,0
BRDA:480,18,1,0
BRDA:482,19,0,0
BRDA:482,19,1,0
BRDA:486,20,0,0
BRDA:498,21,0,0
BRDA:510,22,0,0
BRF:44
BRH:0
end_of_record
TN:
SF:src\app\(admin)\whatsapp\page.tsx
FN:16,WhatsAppConfigPage
FN:29,(anonymous_2)
FN:57,(anonymous_3)
FN:89,(anonymous_4)
FN:127,(anonymous_5)
FN:140,(anonymous_6)
FN:150,(anonymous_7)
FN:171,(anonymous_8)
FN:186,(anonymous_9)
FN:219,(anonymous_10)
FN:223,(anonymous_11)
FN:231,(anonymous_12)
FNF:12
FNH:0
FNDA:0,WhatsAppConfigPage
FNDA:0,(anonymous_2)
FNDA:0,(anonymous_3)
FNDA:0,(anonymous_4)
FNDA:0,(anonymous_5)
FNDA:0,(anonymous_6)
FNDA:0,(anonymous_7)
FNDA:0,(anonymous_8)
FNDA:0,(anonymous_9)
FNDA:0,(anonymous_10)
FNDA:0,(anonymous_11)
FNDA:0,(anonymous_12)
DA:3,0
DA:4,0
DA:5,0
DA:6,0
DA:7,0
DA:16,0
DA:17,0
DA:18,0
DA:19,0
DA:20,0
DA:21,0
DA:22,0
DA:23,0
DA:25,0
DA:26,0
DA:27,0
DA:29,0
DA:30,0
DA:31,0
DA:37,0
DA:38,0
DA:39,0
DA:40,0
DA:43,0
DA:44,0
DA:45,0
DA:46,0
DA:49,0
DA:52,0
DA:54,0
DA:57,0
DA:58,0
DA:59,0
DA:66,0
DA:67,0
DA:69,0
DA:70,0
DA:71,0
DA:72,0
DA:73,0
DA:74,0
DA:76,0
DA:77,0
DA:78,0
DA:79,0
DA:80,0
DA:81,0
DA:85,0
DA:89,0
DA:90,0
DA:91,0
DA:92,0
DA:94,0
DA:96,0
DA:98,0
DA:99,0
DA:100,0
DA:101,0
DA:105,0
DA:107,0
DA:114,0
DA:115,0
DA:116,0
DA:121,0
DA:124,0
DA:127,0
DA:128,0
DA:129,0
DA:133,0
DA:134,0
DA:136,0
DA:140,0
DA:141,0
DA:142,0
DA:143,0
DA:145,0
DA:146,0
DA:147,0
DA:150,0
DA:151,0
DA:152,0
DA:154,0
DA:155,0
DA:161,0
DA:162,0
DA:164,0
DA:165,0
DA:167,0
DA:171,0
DA:172,0
DA:173,0
DA:174,0
DA:176,0
DA:178,0
DA:186,0
DA:189,0
DA:202,0
DA:203,0
DA:204,0
DA:205,0
DA:206,0
DA:208,0
DA:209,0
DA:212,0
DA:213,0
DA:215,0
DA:219,0
DA:220,0
DA:221,0
DA:223,0
DA:224,0
DA:225,0
DA:226,0
DA:231,0
DA:232,0
LF:115
LH:0
BRDA:25,0,0,0
BRDA:25,0,1,0
BRDA:26,1,0,0
BRDA:26,1,1,0
BRDA:37,2,0,0
BRDA:37,2,1,0
BRDA:39,3,0,0
BRDA:39,3,1,0
BRDA:43,4,0,0
BRDA:43,4,1,0
BRDA:43,5,0,0
BRDA:43,5,1,0
BRDA:66,6,0,0
BRDA:66,6,1,0
BRDA:69,7,0,0
BRDA:69,7,1,0
BRDA:70,8,0,0
BRDA:70,8,1,0
BRDA:74,9,0,0
BRDA:74,9,1,0
BRDA:80,10,0,0
BRDA:80,10,1,0
BRDA:98,11,0,0
BRDA:98,11,1,0
BRDA:105,12,0,0
BRDA:105,12,1,0
BRDA:114,13,0,0
BRDA:114,13,1,0
BRDA:141,14,0,0
BRDA:141,14,1,0
BRDA:202,15,0,0
BRDA:202,15,1,0
BRDA:225,16,0,0
BRDA:225,16,1,0
BRDA:285,17,0,0
BRDA:285,17,1,0
BRDA:289,18,0,0
BRDA:327,19,0,0
BRDA:337,20,0,0
BRDA:345,21,0,0
BRDA:350,22,0,0
BRDA:363,23,0,0
BRDA:381,24,0,0
BRDA:389,25,0,0
BRDA:392,26,0,0
BRDA:392,26,1,0
BRDA:395,27,0,0
BRF:47
BRH:0
end_of_record
TN:
SF:src\app\(admin)\whatsapp-baileys\page.tsx
FN:9,WhatsAppBaileysPage
FN:19,(anonymous_2)
FN:48,(anonymous_3)
FN:76,(anonymous_4)
FN:101,(anonymous_5)
FN:106,(anonymous_6)
FN:113,(anonymous_7)
FN:117,(anonymous_8)
FN:123,(anonymous_9)
FNF:9
FNH:0
FNDA:0,WhatsAppBaileysPage
FNDA:0,(anonymous_2)
FNDA:0,(anonymous_3)
FNDA:0,(anonymous_4)
FNDA:0,(anonymous_5)
FNDA:0,(anonymous_6)
FNDA:0,(anonymous_7)
FNDA:0,(anonymous_8)
FNDA:0,(anonymous_9)
DA:3,0
DA:4,0
DA:5,0
DA:6,0
DA:7,0
DA:9,0
DA:10,0
DA:11,0
DA:12,0
DA:13,0
DA:14,0
DA:15,0
DA:17,0
DA:19,0
DA:20,0
DA:21,0
DA:23,0
DA:24,0
DA:25,0
DA:28,0
DA:29,0
DA:30,0
DA:32,0
DA:33,0
DA:34,0
DA:35,0
DA:36,0
DA:37,0
DA:40,0
DA:43,0
DA:45,0
DA:48,0
DA:49,0
DA:50,0
DA:52,0
DA:53,0
DA:61,0
DA:62,0
DA:63,0
DA:65,0
DA:66,0
DA:69,0
DA:70,0
DA:72,0
DA:76,0
DA:77,0
DA:78,0
DA:80,0
DA:81,0
DA:85,0
DA:86,0
DA:87,0
DA:88,0
DA:90,0
DA:91,0
DA:94,0
DA:95,0
DA:97,0
DA:101,0
DA:102,0
DA:103,0
DA:106,0
DA:107,0
DA:108,0
DA:109,0
DA:113,0
DA:114,0
DA:115,0
DA:117,0
DA:118,0
DA:119,0
DA:123,0
DA:124,0
LF:73
LH:0
BRDA:23,0,0,0
BRDA:23,0,1,0
BRDA:28,1,0,0
BRDA:28,1,1,0
BRDA:32,2,0,0
BRDA:32,2,1,0
BRDA:35,3,0,0
BRDA:35,3,1,0
BRDA:61,4,0,0
BRDA:61,4,1,0
BRDA:66,5,0,0
BRDA:66,5,1,0
BRDA:85,6,0,0
BRDA:85,6,1,0
BRDA:91,7,0,0
BRDA:91,7,1,0
BRDA:107,8,0,0
BRDA:107,8,1,0
BRDA:172,9,0,0
BRDA:172,9,1,0
BRDA:176,10,0,0
BRDA:187,11,0,0
BRDA:187,11,1,0
BRDA:187,11,2,0
BRDA:215,12,0,0
BRDA:223,13,0,0
BRDA:230,14,0,0
BRDA:238,15,0,0
BRDA:259,16,0,0
BRF:29
BRH:0
end_of_record
TN:
SF:src\app\(auth)\layout.tsx
FN:1,AuthLayout
FNF:1
FNH:0
FNDA:0,AuthLayout
DA:1,0
LF:1
LH:0
BRF:0
BRH:0
end_of_record
TN:
SF:src\app\(auth)\cadastro\page.tsx
FN:12,CadastroPage
FN:26,(anonymous_3)
FN:49,(anonymous_4)
FN:73,(anonymous_5)
FN:132,(anonymous_6)
FN:145,(anonymous_7)
FN:158,(anonymous_8)
FN:169,(anonymous_9)
FN:185,(anonymous_10)
FN:199,(anonymous_11)
FNF:10
FNH:0
FNDA:0,CadastroPage
FNDA:0,(anonymous_3)
FNDA:0,(anonymous_4)
FNDA:0,(anonymous_5)
FNDA:0,(anonymous_6)
FNDA:0,(anonymous_7)
FNDA:0,(anonymous_8)
FNDA:0,(anonymous_9)
FNDA:0,(anonymous_10)
FNDA:0,(anonymous_11)
DA:3,0
DA:4,0
DA:5,0
DA:6,0
DA:7,0
DA:8,0
DA:9,0
DA:10,0
DA:12,0
DA:13,0
DA:14,0
DA:15,0
DA:16,0
DA:17,0
DA:26,0
DA:27,0
DA:28,0
DA:29,0
DA:32,0
DA:33,0
DA:34,0
DA:35,0
DA:39,0
DA:40,0
DA:41,0
DA:42,0
DA:45,0
DA:47,0
DA:48,0
DA:49,0
DA:50,0
DA:52,0
DA:56,0
DA:67,0
DA:68,0
DA:69,0
DA:72,0
DA:73,0
DA:74,0
DA:77,0
DA:78,0
DA:80,0
DA:84,0
DA:132,0
DA:145,0
DA:158,0
DA:169,0
DA:185,0
DA:199,0
LF:49
LH:0
BRDA:32,0,0,0
BRDA:32,0,1,0
BRDA:39,1,0,0
BRDA:39,1,1,0
BRDA:47,2,0,0
BRDA:47,2,1,0
BRDA:67,3,0,0
BRDA:67,3,1,0
BRDA:69,4,0,0
BRDA:69,4,1,0
BRDA:77,5,0,0
BRDA:77,5,1,0
BRDA:84,6,0,0
BRDA:84,6,1,0
BRDA:118,7,0,0
BRDA:206,8,0,0
BRDA:206,8,1,0
BRF:17
BRH:0
end_of_record
TN:
SF:src\app\(auth)\login\page.tsx
FN:14,LoginPage
FN:27,(anonymous_3)
FN:80,(anonymous_4)
FN:99,(anonymous_5)
FNF:4
FNH:0
FNDA:0,LoginPage
FNDA:0,(anonymous_3)
FNDA:0,(anonymous_4)
FNDA:0,(anonymous_5)
DA:3,0
DA:4,0
DA:5,0
DA:6,0
DA:7,0
DA:8,0
DA:9,0
DA:10,0
DA:11,0
DA:12,0
DA:14,0
DA:15,0
DA:16,0
DA:17,0
DA:18,0
DA:20,0
DA:21,0
DA:22,0
DA:27,0
DA:28,0
DA:29,0
DA:30,0
DA:32,0
DA:33,0
DA:39,0
DA:40,0
DA:42,0
DA:43,0
DA:46,0
DA:48,0
DA:80,0
DA:99,0
LF:32
LH:0
BRDA:17,0,0,0
BRDA:17,0,1,0
BRDA:39,1,0,0
BRDA:39,1,1,0
BRDA:66,2,0,0
BRDA:66,2,1,0
BRDA:69,3,0,0
BRDA:69,3,1,0
BRDA:107,4,0,0
BRDA:107,4,1,0
BRF:10
BRH:0
end_of_record
TN:
SF:src\app\(auth)\parceiro\cadastro\page.tsx
FN:24,PartnerRegistrationPage
FN:50,(anonymous_3)
FN:67,(anonymous_4)
FN:79,(anonymous_5)
FN:92,(anonymous_6)
FN:154,(anonymous_7)
FN:181,(anonymous_8)
FN:267,(anonymous_9)
FN:279,(anonymous_10)
FN:290,(anonymous_11)
FN:302,(anonymous_12)
FN:314,(anonymous_13)
FN:335,(anonymous_14)
FN:346,(anonymous_15)
FN:357,(anonymous_16)
FN:367,(anonymous_17)
FN:380,(anonymous_18)
FN:392,(anonymous_19)
FN:399,(anonymous_20)
FN:446,(anonymous_21)
FN:463,(anonymous_22)
FN:477,(anonymous_23)
FN:486,(anonymous_24)
FNF:23
FNH:0
FNDA:0,PartnerRegistrationPage
FNDA:0,(anonymous_3)
FNDA:0,(anonymous_4)
FNDA:0,(anonymous_5)
FNDA:0,(anonymous_6)
FNDA:0,(anonymous_7)
FNDA:0,(anonymous_8)
FNDA:0,(anonymous_9)
FNDA:0,(anonymous_10)
FNDA:0,(anonymous_11)
FNDA:0,(anonymous_12)
FNDA:0,(anonymous_13)
FNDA:0,(anonymous_14)
FNDA:0,(anonymous_15)
FNDA:0,(anonymous_16)
FNDA:0,(anonymous_17)
FNDA:0,(anonymous_18)
FNDA:0,(anonymous_19)
FNDA:0,(anonymous_20)
FNDA:0,(anonymous_21)
FNDA:0,(anonymous_22)
FNDA:0,(anonymous_23)
FNDA:0,(anonymous_24)
DA:3,0
DA:4,0
DA:5,0
DA:6,0
DA:7,0
DA:8,0
DA:9,0
DA:10,0
DA:11,0
DA:20,0
DA:24,0
DA:25,0
DA:26,0
DA:27,0
DA:28,0
DA:29,0
DA:31,0
DA:50,0
DA:51,0
DA:52,0
DA:54,0
DA:55,0
DA:56,0
DA:59,0
DA:60,0
DA:61,0
DA:64,0
DA:67,0
DA:68,0
DA:69,0
DA:71,0
DA:72,0
DA:73,0
DA:76,0
DA:79,0
DA:80,0
DA:81,0
DA:83,0
DA:84,0
DA:85,0
DA:88,0
DA:90,0
DA:92,0
DA:95,0
DA:97,0
DA:99,0
DA:103,0
DA:126,0
DA:154,0
DA:182,0
DA:267,0
DA:279,0
DA:290,0
DA:302,0
DA:315,0
DA:335,0
DA:346,0
DA:357,0
DA:367,0
DA:381,0
DA:392,0
DA:399,0
DA:447,0
DA:464,0
DA:477,0
DA:486,0
LF:66
LH:0
BRDA:54,0,0,0
BRDA:54,0,1,0
BRDA:59,1,0,0
BRDA:59,1,1,0
BRDA:71,2,0,0
BRDA:71,2,1,0
BRDA:83,3,0,0
BRDA:83,3,1,0
BRDA:126,4,0,0
BRDA:126,4,1,0
BRDA:197,5,0,0
BRDA:197,5,1,0
BRDA:197,6,0,0
BRDA:197,6,1,0
BRDA:197,6,2,0
BRDA:207,7,0,0
BRDA:207,7,1,0
BRDA:207,8,0,0
BRDA:207,8,1,0
BRDA:213,9,0,0
BRDA:213,9,1,0
BRDA:213,10,0,0
BRDA:213,10,1,0
BRDA:223,11,0,0
BRDA:223,11,1,0
BRDA:229,12,0,0
BRDA:229,12,1,0
BRDA:242,13,0,0
BRDA:242,13,1,0
BRDA:243,14,0,0
BRDA:243,14,1,0
BRDA:244,15,0,0
BRDA:244,15,1,0
BRDA:247,16,0,0
BRDA:247,16,1,0
BRDA:248,17,0,0
BRDA:248,17,1,0
BRDA:249,18,0,0
BRDA:249,18,1,0
BRDA:253,19,0,0
BRDA:260,20,0,0
BRDA:328,21,0,0
BRDA:409,22,0,0
BRDA:484,23,0,0
BRDA:484,23,1,0
BRDA:484,23,2,0
BRDA:488,24,0,0
BRDA:488,24,1,0
BRF:48
BRH:0
end_of_record
TN:
SF:src\app\(auth)\recuperar-senha\page.tsx
FN:11,RecuperarSenhaPage
FN:17,(anonymous_3)
FN:70,(anonymous_4)
FN:118,(anonymous_5)
FNF:4
FNH:0
FNDA:0,RecuperarSenhaPage
FNDA:0,(anonymous_3)
FNDA:0,(anonymous_4)
FNDA:0,(anonymous_5)
DA:3,0
DA:4,0
DA:5,0
DA:6,0
DA:7,0
DA:8,0
DA:9,0
DA:11,0
DA:12,0
DA:13,0
DA:14,0
DA:15,0
DA:17,0
DA:18,0
DA:19,0
DA:20,0
DA:22,0
DA:23,0
DA:29,0
DA:31,0
DA:32,0
DA:35,0
DA:37,0
DA:38,0
DA:40,0
DA:44,0
DA:70,0
DA:118,0
LF:28
LH:0
BRDA:31,0,0,0
BRDA:31,0,1,0
BRDA:32,1,0,0
BRDA:32,1,1,0
BRDA:37,2,0,0
BRDA:37,2,1,0
BRDA:44,3,0,0
BRDA:44,3,1,0
BRDA:102,4,0,0
BRDA:127,5,0,0
BRDA:127,5,1,0
BRF:11
BRH:0
end_of_record
TN:
SF:src\app\(dashboard)\layout.tsx
FN:7,DashboardLayout
FN:25,(anonymous_2)
FNF:2
FNH:0
FNDA:0,DashboardLayout
FNDA:0,(anonymous_2)
DA:3,0
DA:4,0
DA:5,0
DA:7,0
DA:12,0
DA:25,0
LF:6
LH:0
BRDA:22,0,0,0
BRDA:33,1,0,0
BRDA:33,1,1,0
BRF:3
BRH:0
end_of_record
TN:
SF:src\app\(dashboard)\dashboard\error.tsx
FN:9,DashboardError
FN:16,(anonymous_3)
FNF:2
FNH:0
FNDA:0,DashboardError
FNDA:0,(anonymous_3)
DA:3,0
DA:4,0
DA:5,0
DA:6,0
DA:7,0
DA:9,0
DA:16,0
DA:18,0
LF:8
LH:0
BRDA:36,0,0,0
BRF:1
BRH:0
end_of_record
TN:
SF:src\app\(dashboard)\dashboard\loading.tsx
FN:3,DashboardLoading
FNF:1
FNH:0
FNDA:0,DashboardLoading
DA:1,0
DA:3,0
DA:4,0
LF:3
LH:0
BRF:0
BRH:0
end_of_record
TN:
SF:src\app\(dashboard)\dashboard\page.tsx
FN:10,DashboardPage
FN:35,(anonymous_3)
FN:54,(anonymous_4)
FN:111,(anonymous_5)
FN:126,(anonymous_6)
FNF:5
FNH:0
FNDA:0,DashboardPage
FNDA:0,(anonymous_3)
FNDA:0,(anonymous_4)
FNDA:0,(anonymous_5)
FNDA:0,(anonymous_6)
DA:1,0
DA:2,0
DA:3,0
DA:4,0
DA:5,0
DA:6,0
DA:7,0
DA:8,0
DA:10,0
DA:11,0
DA:14,0
DA:21,0
DA:29,0
DA:35,0
DA:46,0
DA:54,0
DA:55,0
DA:56,0
DA:57,0
DA:59,0
DA:112,0
DA:127,0
LF:22
LH:0
BRDA:22,0,0,0
BRDA:22,0,1,0
BRDA:23,1,0,0
BRDA:23,1,1,0
BRDA:24,2,0,0
BRDA:24,2,1,0
BRDA:25,3,0,0
BRDA:25,3,1,0
BRDA:35,4,0,0
BRDA:35,4,1,0
BRDA:38,5,0,0
BRDA:38,5,1,0
BRDA:40,6,0,0
BRDA:40,6,1,0
BRDA:42,7,0,0
BRDA:42,7,1,0
BRDA:54,8,0,0
BRDA:54,8,1,0
BRDA:61,9,0,0
BRDA:61,9,1,0
BRDA:133,10,0,0
BRDA:146,11,0,0
BRDA:146,11,1,0
BRDA:151,12,0,0
BRDA:151,12,1,0
BRF:25
BRH:0
end_of_record
TN:
SF:src\app\(dashboard)\dashboard\configuracoes\page.tsx
FN:24,ConfiguracoesPage
FN:61,(anonymous_2)
FN:62,fetchUserData
FN:88,(anonymous_4)
FN:104,(anonymous_5)
FN:142,(anonymous_6)
FN:173,(anonymous_7)
FN:269,(anonymous_8)
FN:278,(anonymous_9)
FN:290,(anonymous_10)
FN:303,(anonymous_11)
FN:321,(anonymous_12)
FN:330,(anonymous_13)
FN:339,(anonymous_14)
FN:348,(anonymous_15)
FN:357,(anonymous_16)
FN:393,(anonymous_17)
FN:408,(anonymous_18)
FN:423,(anonymous_19)
FN:442,(anonymous_20)
FN:457,(anonymous_21)
FN:494,(anonymous_22)
FN:505,(anonymous_23)
FN:519,(anonymous_24)
FNF:24
FNH:0
FNDA:0,ConfiguracoesPage
FNDA:0,(anonymous_2)
FNDA:0,fetchUserData
FNDA:0,(anonymous_4)
FNDA:0,(anonymous_5)
FNDA:0,(anonymous_6)
FNDA:0,(anonymous_7)
FNDA:0,(anonymous_8)
FNDA:0,(anonymous_9)
FNDA:0,(anonymous_10)
FNDA:0,(anonymous_11)
FNDA:0,(anonymous_12)
FNDA:0,(anonymous_13)
FNDA:0,(anonymous_14)
FNDA:0,(anonymous_15)
FNDA:0,(anonymous_16)
FNDA:0,(anonymous_17)
FNDA:0,(anonymous_18)
FNDA:0,(anonymous_19)
FNDA:0,(anonymous_20)
FNDA:0,(anonymous_21)
FNDA:0,(anonymous_22)
FNDA:0,(anonymous_23)
FNDA:0,(anonymous_24)
DA:3,0
DA:4,0
DA:5,0
DA:6,0
DA:7,0
DA:8,0
DA:9,0
DA:10,0
DA:20,0
DA:21,0
DA:22,0
DA:24,0
DA:25,0
DA:26,0
DA:27,0
DA:29,0
DA:34,0
DA:46,0
DA:54,0
DA:61,0
DA:63,0
DA:64,0
DA:65,0
DA:67,0
DA:73,0
DA:74,0
DA:87,0
DA:88,0
DA:96,0
DA:98,0
DA:101,0
DA:104,0
DA:105,0
DA:106,0
DA:107,0
DA:108,0
DA:110,0
DA:125,0
DA:127,0
DA:132,0
DA:138,0
DA:142,0
DA:143,0
DA:144,0
DA:145,0
DA:146,0
DA:148,0
DA:156,0
DA:158,0
DA:163,0
DA:169,0
DA:173,0
DA:174,0
DA:175,0
DA:180,0
DA:183,0
DA:184,0
DA:189,0
DA:192,0
DA:193,0
DA:194,0
DA:198,0
DA:200,0
DA:201,0
DA:206,0
DA:212,0
DA:216,0
DA:269,0
DA:278,0
DA:290,0
DA:303,0
DA:321,0
DA:330,0
DA:339,0
DA:348,0
DA:357,0
DA:394,0
DA:409,0
DA:424,0
DA:443,0
DA:458,0
DA:494,0
DA:505,0
DA:519,0
LF:84
LH:0
BRDA:65,0,0,0
BRDA:65,0,1,0
BRDA:73,1,0,0
BRDA:73,1,1,0
BRDA:75,2,0,0
BRDA:75,2,1,0
BRDA:75,2,2,0
BRDA:76,3,0,0
BRDA:76,3,1,0
BRDA:77,4,0,0
BRDA:77,4,1,0
BRDA:78,5,0,0
BRDA:78,5,1,0
BRDA:79,6,0,0
BRDA:79,6,1,0
BRDA:80,7,0,0
BRDA:80,7,1,0
BRDA:81,8,0,0
BRDA:81,8,1,0
BRDA:82,9,0,0
BRDA:82,9,1,0
BRDA:83,10,0,0
BRDA:83,10,1,0
BRDA:87,11,0,0
BRDA:87,11,1,0
BRDA:108,12,0,0
BRDA:108,12,1,0
BRDA:125,13,0,0
BRDA:125,13,1,0
BRDA:134,14,0,0
BRDA:134,14,1,0
BRDA:146,15,0,0
BRDA:146,15,1,0
BRDA:156,16,0,0
BRDA:156,16,1,0
BRDA:165,17,0,0
BRDA:165,17,1,0
BRDA:174,18,0,0
BRDA:174,18,1,0
BRDA:183,19,0,0
BRDA:183,19,1,0
BRDA:198,20,0,0
BRDA:198,20,1,0
BRDA:208,21,0,0
BRDA:208,21,1,0
BRDA:216,22,0,0
BRDA:216,22,1,0
BRDA:366,23,0,0
BRDA:366,23,1,0
BRDA:469,24,0,0
BRDA:469,24,1,0
BRDA:527,25,0,0
BRDA:527,25,1,0
BRF:53
BRH:0
end_of_record
TN:
SF:src\app\(dashboard)\dashboard\documentos\page.tsx
FN:54,DocumentosPage
FN:70,(anonymous_2)
FN:74,(anonymous_3)
FN:88,(anonymous_4)
FN:142,(anonymous_5)
FN:169,(anonymous_6)
FN:175,(anonymous_7)
FN:179,(anonymous_8)
FN:192,(anonymous_9)
FN:193,(anonymous_10)
FN:194,(anonymous_11)
FN:197,(anonymous_12)
FN:202,(anonymous_13)
FN:265,(anonymous_14)
FN:283,(anonymous_15)
FN:288,(anonymous_16)
FN:302,(anonymous_17)
FN:333,(anonymous_18)
FN:346,(anonymous_19)
FN:354,(anonymous_20)
FN:383,(anonymous_21)
FN:391,(anonymous_22)
FN:431,(anonymous_23)
FN:438,(anonymous_24)
FN:453,(anonymous_25)
FNF:25
FNH:0
FNDA:0,DocumentosPage
FNDA:0,(anonymous_2)
FNDA:0,(anonymous_3)
FNDA:0,(anonymous_4)
FNDA:0,(anonymous_5)
FNDA:0,(anonymous_6)
FNDA:0,(anonymous_7)
FNDA:0,(anonymous_8)
FNDA:0,(anonymous_9)
FNDA:0,(anonymous_10)
FNDA:0,(anonymous_11)
FNDA:0,(anonymous_12)
FNDA:0,(anonymous_13)
FNDA:0,(anonymous_14)
FNDA:0,(anonymous_15)
FNDA:0,(anonymous_16)
FNDA:0,(anonymous_17)
FNDA:0,(anonymous_18)
FNDA:0,(anonymous_19)
FNDA:0,(anonymous_20)
FNDA:0,(anonymous_21)
FNDA:0,(anonymous_22)
FNDA:0,(anonymous_23)
FNDA:0,(anonymous_24)
FNDA:0,(anonymous_25)
DA:3,0
DA:4,0
DA:5,0
DA:6,0
DA:7,0
DA:21,0
DA:30,0
DA:31,0
DA:38,0
DA:39,0
DA:54,0
DA:55,0
DA:56,0
DA:57,0
DA:58,0
DA:59,0
DA:60,0
DA:61,0
DA:62,0
DA:63,0
DA:70,0
DA:71,0
DA:74,0
DA:75,0
DA:76,0
DA:77,0
DA:78,0
DA:79,0
DA:82,0
DA:84,0
DA:88,0
DA:89,0
DA:90,0
DA:91,0
DA:96,0
DA:99,0
DA:101,0
DA:102,0
DA:103,0
DA:104,0
DA:105,0
DA:106,0
DA:108,0
DA:113,0
DA:115,0
DA:116,0
DA:119,0
DA:125,0
DA:126,0
DA:129,0
DA:130,0
DA:132,0
DA:138,0
DA:142,0
DA:143,0
DA:145,0
DA:146,0
DA:150,0
DA:151,0
DA:154,0
DA:159,0
DA:161,0
DA:169,0
DA:170,0
DA:171,0
DA:172,0
DA:175,0
DA:176,0
DA:179,0
DA:180,0
DA:187,0
DA:191,0
DA:192,0
DA:193,0
DA:194,0
DA:197,0
DA:198,0
DA:202,0
DA:203,0
DA:205,0
DA:207,0
DA:209,0
DA:213,0
DA:265,0
DA:283,0
DA:288,0
DA:303,0
DA:333,0
DA:346,0
DA:354,0
DA:383,0
DA:392,0
DA:431,0
DA:439,0
DA:440,0
DA:441,0
DA:442,0
DA:453,0
LF:98
LH:0
BRDA:77,0,0,0
BRDA:77,0,1,0
BRDA:79,1,0,0
BRDA:79,1,1,0
BRDA:90,2,0,0
BRDA:90,2,1,0
BRDA:105,3,0,0
BRDA:105,3,1,0
BRDA:106,4,0,0
BRDA:106,4,1,0
BRDA:115,5,0,0
BRDA:115,5,1,0
BRDA:116,6,0,0
BRDA:116,6,1,0
BRDA:129,7,0,0
BRDA:129,7,1,0
BRDA:134,8,0,0
BRDA:134,8,1,0
BRDA:143,9,0,0
BRDA:143,9,1,0
BRDA:150,10,0,0
BRDA:150,10,1,0
BRDA:170,11,0,0
BRDA:170,11,1,0
BRDA:171,12,0,0
BRDA:171,12,1,0
BRDA:187,13,0,0
BRDA:187,13,1,0
BRDA:198,14,0,0
BRDA:198,14,1,0
BRDA:203,15,0,0
BRDA:203,15,1,0
BRDA:203,15,2,0
BRDA:213,16,0,0
BRDA:213,16,1,0
BRDA:292,17,0,0
BRDA:293,18,0,0
BRDA:293,18,1,0
BRDA:311,19,0,0
BRDA:311,19,1,0
BRDA:344,20,0,0
BRDA:344,20,1,0
BRDA:352,21,0,0
BRDA:352,21,1,0
BRDA:372,22,0,0
BRDA:375,23,0,0
BRDA:375,23,1,0
BRDA:378,24,0,0
BRDA:378,24,1,0
BRDA:382,25,0,0
BRDA:413,26,0,0
BRDA:426,27,0,0
BRF:52
BRH:0
end_of_record
TN:
SF:src\app\(dashboard)\dashboard\pagamentos\error.tsx
FN:9,PagamentosError
FN:16,(anonymous_3)
FNF:2
FNH:0
FNDA:0,PagamentosError
FNDA:0,(anonymous_3)
DA:3,0
DA:4,0
DA:5,0
DA:6,0
DA:7,0
DA:9,0
DA:16,0
DA:17,0
LF:8
LH:0
BRDA:35,0,0,0
BRDA:35,0,1,0
BRF:2
BRH:0
end_of_record
TN:
SF:src\app\(dashboard)\dashboard\pagamentos\loading.tsx
FN:3,PagamentosLoading
FNF:1
FNH:0
FNDA:0,PagamentosLoading
DA:1,0
DA:3,0
DA:4,0
LF:3
LH:0
BRF:0
BRH:0
end_of_record
TN:
SF:src\app\(dashboard)\dashboard\pagamentos\page.tsx
FN:18,PagamentosPage
FN:28,(anonymous_3)
FN:44,(anonymous_4)
FN:45,(anonymous_5)
FN:45,(anonymous_6)
FN:46,(anonymous_7)
FN:46,(anonymous_8)
FN:47,(anonymous_9)
FN:47,(anonymous_10)
FN:50,(anonymous_11)
FN:63,(anonymous_12)
FN:76,(anonymous_13)
FN:89,(anonymous_14)
FN:176,(anonymous_15)
FNF:14
FNH:0
FNDA:0,PagamentosPage
FNDA:0,(anonymous_3)
FNDA:0,(anonymous_4)
FNDA:0,(anonymous_5)
FNDA:0,(anonymous_6)
FNDA:0,(anonymous_7)
FNDA:0,(anonymous_8)
FNDA:0,(anonymous_9)
FNDA:0,(anonymous_10)
FNDA:0,(anonymous_11)
FNDA:0,(anonymous_12)
FNDA:0,(anonymous_13)
FNDA:0,(anonymous_14)
FNDA:0,(anonymous_15)
DA:1,0
DA:2,0
DA:3,0
DA:4,0
DA:5,0
DA:14,0
DA:15,0
DA:16,0
DA:18,0
DA:19,0
DA:20,0
DA:23,0
DA:28,0
DA:43,0
DA:44,0
DA:45,0
DA:46,0
DA:47,0
DA:50,0
DA:51,0
DA:53,0
DA:55,0
DA:57,0
DA:59,0
DA:63,0
DA:64,0
DA:76,0
DA:77,0
DA:79,0
DA:81,0
DA:83,0
DA:85,0
DA:89,0
DA:90,0
DA:177,0
LF:35
LH:0
BRDA:28,0,0,0
BRDA:28,0,1,0
BRDA:30,1,0,0
BRDA:30,1,1,0
BRDA:32,2,0,0
BRDA:32,2,1,0
BRDA:33,3,0,0
BRDA:33,3,1,0
BRDA:51,4,0,0
BRDA:51,4,1,0
BRDA:51,4,2,0
BRDA:51,4,3,0
BRDA:77,5,0,0
BRDA:77,5,1,0
BRDA:77,5,2,0
BRDA:77,5,3,0
BRDA:192,6,0,0
BRDA:212,7,0,0
BRDA:220,8,0,0
BRDA:247,9,0,0
BRDA:254,10,0,0
BRF:21
BRH:0
end_of_record
TN:
SF:src\app\(dashboard)\dashboard\prazos\error.tsx
FN:9,PrazosError
FN:16,(anonymous_3)
FNF:2
FNH:0
FNDA:0,PrazosError
FNDA:0,(anonymous_3)
DA:3,0
DA:4,0
DA:5,0
DA:6,0
DA:7,0
DA:9,0
DA:16,0
DA:17,0
LF:8
LH:0
BRDA:35,0,0,0
BRDA:35,0,1,0
BRF:2
BRH:0
end_of_record
TN:
SF:src\app\(dashboard)\dashboard\prazos\loading.tsx
FN:3,PrazosLoading
FNF:1
FNH:0
FNDA:0,PrazosLoading
DA:1,0
DA:3,0
DA:4,0
LF:3
LH:0
BRF:0
BRH:0
end_of_record
TN:
SF:src\app\(dashboard)\dashboard\prazos\page.tsx
FN:18,PrazosPage
FN:30,(anonymous_3)
FN:52,(anonymous_4)
FN:53,(anonymous_5)
FN:54,(anonymous_6)
FN:56,(anonymous_7)
FN:62,(anonymous_8)
FN:68,(anonymous_9)
FN:148,(anonymous_10)
FN:155,(anonymous_11)
FN:155,(anonymous_12)
FN:183,(anonymous_13)
FN:256,(anonymous_14)
FNF:13
FNH:0
FNDA:0,PrazosPage
FNDA:0,(anonymous_3)
FNDA:0,(anonymous_4)
FNDA:0,(anonymous_5)
FNDA:0,(anonymous_6)
FNDA:0,(anonymous_7)
FNDA:0,(anonymous_8)
FNDA:0,(anonymous_9)
FNDA:0,(anonymous_10)
FNDA:0,(anonymous_11)
FNDA:0,(anonymous_12)
FNDA:0,(anonymous_13)
FNDA:0,(anonymous_14)
DA:1,0
DA:2,0
DA:3,0
DA:4,0
DA:5,0
DA:14,0
DA:15,0
DA:16,0
DA:18,0
DA:19,0
DA:20,0
DA:23,0
DA:30,0
DA:31,0
DA:32,0
DA:33,0
DA:35,0
DA:52,0
DA:53,0
DA:54,0
DA:56,0
DA:57,0
DA:58,0
DA:59,0
DA:62,0
DA:63,0
DA:64,0
DA:65,0
DA:68,0
DA:149,0
DA:155,0
DA:156,0
DA:157,0
DA:184,0
DA:257,0
LF:35
LH:0
BRDA:30,0,0,0
BRDA:30,0,1,0
BRDA:37,1,0,0
BRDA:37,1,1,0
BRDA:38,2,0,0
BRDA:38,2,1,0
BRDA:43,3,0,0
BRDA:43,3,1,0
BRDA:45,4,0,0
BRDA:45,4,1,0
BRDA:46,5,0,0
BRDA:46,5,1,0
BRDA:53,6,0,0
BRDA:53,6,1,0
BRDA:57,7,0,0
BRDA:57,7,1,0
BRDA:58,8,0,0
BRDA:58,8,1,0
BRDA:63,9,0,0
BRDA:63,9,1,0
BRDA:64,10,0,0
BRDA:64,10,1,0
BRDA:162,11,0,0
BRDA:162,11,1,0
BRDA:163,12,0,0
BRDA:163,12,1,0
BRDA:177,13,0,0
BRDA:205,14,0,0
BRDA:205,14,1,0
BRDA:231,15,0,0
BRDA:250,16,0,0
BRDA:299,17,0,0
BRF:32
BRH:0
end_of_record
TN:
SF:src\app\(dashboard)\dashboard\processos\error.tsx
FN:9,ProcessosError
FN:16,(anonymous_3)
FNF:2
FNH:0
FNDA:0,ProcessosError
FNDA:0,(anonymous_3)
DA:3,0
DA:4,0
DA:5,0
DA:6,0
DA:7,0
DA:9,0
DA:16,0
DA:17,0
LF:8
LH:0
BRDA:35,0,0,0
BRDA:35,0,1,0
BRF:2
BRH:0
end_of_record
TN:
SF:src\app\(dashboard)\dashboard\processos\loading.tsx
FN:3,ProcessosLoading
FNF:1
FNH:0
FNDA:0,ProcessosLoading
DA:1,0
DA:3,0
DA:4,0
LF:3
LH:0
BRF:0
BRH:0
end_of_record
TN:
SF:src\app\(dashboard)\dashboard\processos\page.tsx
FN:15,ProcessosPage
FN:24,(anonymous_2)
FN:71,(anonymous_3)
FNF:3
FNH:0
FNDA:0,ProcessosPage
FNDA:0,(anonymous_2)
FNDA:0,(anonymous_3)
DA:1,0
DA:2,0
DA:3,0
DA:4,0
DA:11,0
DA:12,0
DA:13,0
DA:15,0
DA:16,0
DA:19,0
DA:24,0
DA:72,0
LF:12
LH:0
BRDA:24,0,0,0
BRDA:24,0,1,0
BRDA:27,1,0,0
BRDA:27,1,1,0
BRDA:29,2,0,0
BRDA:29,2,1,0
BRDA:31,3,0,0
BRDA:31,3,1,0
BRDA:77,4,0,0
BRF:9
BRH:0
end_of_record
TN:
SF:src\app\(dashboard)\dashboard\processos\[id]\page.tsx
FN:30,ProcessDetailsPage
FN:130,(anonymous_3)
FN:140,(anonymous_4)
FN:149,(anonymous_5)
FN:327,(anonymous_6)
FN:378,(anonymous_7)
FN:421,(anonymous_8)
FNF:7
FNH:0
FNDA:0,ProcessDetailsPage
FNDA:0,(anonymous_3)
FNDA:0,(anonymous_4)
FNDA:0,(anonymous_5)
FNDA:0,(anonymous_6)
FNDA:0,(anonymous_7)
FNDA:0,(anonymous_8)
DA:1,0
DA:2,0
DA:3,0
DA:4,0
DA:5,0
DA:6,0
DA:19,0
DA:20,0
DA:21,0
DA:30,0
DA:31,0
DA:32,0
DA:35,0
DA:42,0
DA:44,0
DA:45,0
DA:67,0
DA:91,0
DA:98,0
DA:124,0
DA:130,0
DA:140,0
DA:149,0
DA:150,0
DA:152,0
DA:154,0
DA:156,0
DA:158,0
DA:160,0
DA:328,0
DA:379,0
DA:422,0
LF:32
LH:0
BRDA:44,0,0,0
BRDA:44,0,1,0
BRDA:47,1,0,0
BRDA:47,1,1,0
BRDA:48,2,0,0
BRDA:48,2,1,0
BRDA:49,3,0,0
BRDA:49,3,1,0
BRDA:50,4,0,0
BRDA:50,4,1,0
BRDA:50,5,0,0
BRDA:50,5,1,0
BRDA:57,6,0,0
BRDA:57,6,1,0
BRDA:59,7,0,0
BRDA:59,7,1,0
BRDA:60,8,0,0
BRDA:60,8,1,0
BRDA:63,9,0,0
BRDA:63,9,1,0
BRDA:98,10,0,0
BRDA:98,10,1,0
BRDA:130,11,0,0
BRDA:130,11,1,0
BRDA:133,12,0,0
BRDA:133,12,1,0
BRDA:134,13,0,0
BRDA:134,13,1,0
BRDA:140,14,0,0
BRDA:140,14,1,0
BRDA:142,15,0,0
BRDA:142,15,1,0
BRDA:145,16,0,0
BRDA:145,16,1,0
BRDA:150,17,0,0
BRDA:150,17,1,0
BRDA:150,17,2,0
BRDA:150,17,3,0
BRDA:150,17,4,0
BRDA:329,18,0,0
BRDA:367,19,0,0
BRDA:392,20,0,0
BRDA:415,21,0,0
BRDA:435,22,0,0
BRDA:442,23,0,0
BRDA:442,23,1,0
BRF:46
BRH:0
end_of_record
TN:
SF:src\app\(marketing)\layout.tsx
FN:6,MarketingLayout
FNF:1
FNH:0
FNDA:0,MarketingLayout
DA:1,0
DA:2,0
DA:3,0
DA:4,0
DA:6,0
LF:5
LH:0
BRF:0
BRH:0
end_of_record
TN:
SF:src\app\(marketing)\page.tsx
FN:49,HomePage
FNF:1
FNH:0
FNDA:0,HomePage
DA:12,0
DA:13,0
DA:15,0
DA:49,0
LF:4
LH:0
BRF:0
BRH:0
end_of_record
TN:
SF:src\app\(marketing)\automacao\page.tsx
FN:22,AutomacaoPage
FN:23,(anonymous_5)
FN:49,(anonymous_6)
FN:64,(anonymous_7)
FNF:4
FNH:0
FNDA:0,AutomacaoPage
FNDA:0,(anonymous_5)
FNDA:0,(anonymous_6)
FNDA:0,(anonymous_7)
DA:2,0
DA:3,0
DA:4,0
DA:5,0
DA:6,0
DA:8,0
DA:22,0
DA:23,0
DA:50,0
DA:65,0
LF:10
LH:0
BRF:0
BRH:0
end_of_record
TN:
SF:src\app\(marketing)\automacao\aposentadoria\page.tsx
FN:19,AposentadoriaPage
FN:23,(anonymous_4)
FNF:2
FNH:0
FNDA:0,AposentadoriaPage
FNDA:0,(anonymous_4)
DA:2,0
DA:3,0
DA:5,0
DA:19,0
DA:20,0
DA:22,0
DA:23,0
LF:7
LH:0
BRDA:23,0,0,0
BRDA:23,0,1,0
BRF:2
BRH:0
end_of_record
TN:
SF:src\app\(marketing)\automacao\secretaria-remota\page.tsx
FN:18,SecretariaRemotaPage
FN:22,(anonymous_4)
FNF:2
FNH:0
FNDA:0,SecretariaRemotaPage
FNDA:0,(anonymous_4)
DA:2,0
DA:3,0
DA:5,0
DA:18,0
DA:19,0
DA:21,0
DA:22,0
LF:7
LH:0
BRDA:22,0,0,0
BRDA:22,0,1,0
BRF:2
BRH:0
end_of_record
TN:
SF:src\app\(marketing)\blog\page.tsx
FN:24,BlogPage
FN:44,(anonymous_6)
FN:144,(anonymous_7)
FNF:3
FNH:0
FNDA:0,BlogPage
FNDA:0,(anonymous_6)
FNDA:0,(anonymous_7)
DA:1,0
DA:2,0
DA:3,0
DA:4,0
DA:5,0
DA:6,0
DA:7,0
DA:8,0
DA:9,0
DA:10,0
DA:12,0
DA:14,0
DA:24,0
DA:25,0
DA:45,0
DA:145,0
LF:16
LH:0
BRDA:54,0,0,0
BRDA:73,1,0,0
BRF:2
BRH:0
end_of_record
TN:
SF:src\app\(marketing)\blog\[slug]\page.tsx
FN:28,generateStaticParams
FN:30,(anonymous_7)
FN:36,generateMetadata
FN:75,BlogPostPage
FN:221,(anonymous_10)
FN:273,(anonymous_11)
FNF:6
FNH:0
FNDA:0,generateStaticParams
FNDA:0,(anonymous_7)
FNDA:0,generateMetadata
FNDA:0,BlogPostPage
FNDA:0,(anonymous_10)
FNDA:0,(anonymous_11)
DA:1,0
DA:3,0
DA:4,0
DA:5,0
DA:6,0
DA:7,0
DA:8,0
DA:9,0
DA:10,0
DA:11,0
DA:12,0
DA:13,0
DA:14,0
DA:15,0
DA:16,0
DA:17,0
DA:19,0
DA:28,0
DA:29,0
DA:30,0
DA:36,0
DA:37,0
DA:39,0
DA:40,0
DA:45,0
DA:75,0
DA:76,0
DA:78,0
DA:79,0
DA:82,0
DA:84,0
DA:85,0
DA:88,0
DA:222,0
DA:274,0
LF:35
LH:0
BRDA:39,0,0,0
BRDA:39,0,1,0
BRDA:78,1,0,0
BRDA:78,1,1,0
BRDA:217,2,0,0
BRDA:267,3,0,0
BRF:6
BRH:0
end_of_record
TN:
SF:src\app\(marketing)\components\footer.tsx
FN:5,Footer
FNF:1
FNH:0
FNDA:0,Footer
DA:1,0
DA:2,0
DA:3,0
DA:5,0
DA:6,0
LF:5
LH:0
BRF:0
BRH:0
end_of_record
TN:
SF:src\app\(marketing)\components\hero.tsx
FN:8,Hero
FNF:1
FNH:0
FNDA:0,Hero
DA:3,0
DA:4,0
DA:5,0
DA:6,0
DA:8,0
LF:5
LH:0
BRF:0
BRH:0
end_of_record
TN:
SF:src\app\(marketing)\components\navbar.tsx
FN:108,Navbar
FN:130,(anonymous_3)
FN:142,(anonymous_4)
FN:170,(anonymous_5)
FN:197,(anonymous_6)
FN:212,(anonymous_7)
FN:226,(anonymous_8)
FN:233,(anonymous_9)
FN:239,(anonymous_10)
FN:244,(anonymous_11)
FN:258,(anonymous_12)
FN:263,(anonymous_13)
FN:270,(anonymous_14)
FN:275,(anonymous_15)
FNF:14
FNH:0
FNDA:0,Navbar
FNDA:0,(anonymous_3)
FNDA:0,(anonymous_4)
FNDA:0,(anonymous_5)
FNDA:0,(anonymous_6)
FNDA:0,(anonymous_7)
FNDA:0,(anonymous_8)
FNDA:0,(anonymous_9)
FNDA:0,(anonymous_10)
FNDA:0,(anonymous_11)
FNDA:0,(anonymous_12)
FNDA:0,(anonymous_13)
FNDA:0,(anonymous_14)
FNDA:0,(anonymous_15)
DA:3,0
DA:4,0
DA:5,0
DA:14,0
DA:25,0
DA:26,0
DA:27,0
DA:28,0
DA:30,0
DA:100,0
DA:108,0
DA:109,0
DA:110,0
DA:131,0
DA:132,0
DA:143,0
DA:171,0
DA:197,0
DA:212,0
DA:227,0
DA:228,0
DA:233,0
DA:240,0
DA:244,0
DA:259,0
DA:263,0
DA:270,0
DA:275,0
LF:28
LH:0
BRDA:200,0,0,0
BRDA:206,1,0,0
BRDA:219,2,0,0
BRDA:219,2,1,0
BRDA:224,3,0,0
BRF:5
BRH:0
end_of_record
TN:
SF:src\app\(marketing)\components\services-grid.tsx
FN:60,ServicesGrid
FN:73,(anonymous_3)
FNF:2
FNH:0
FNDA:0,ServicesGrid
FNDA:0,(anonymous_3)
DA:9,0
DA:10,0
DA:11,0
DA:12,0
DA:13,0
DA:15,0
DA:60,0
DA:74,0
DA:76,0
LF:9
LH:0
BRF:0
BRH:0
end_of_record
TN:
SF:src\app\(marketing)\components\timeline.tsx
FN:65,Timeline
FN:82,(anonymous_3)
FNF:2
FNH:0
FNDA:0,Timeline
FNDA:0,(anonymous_3)
DA:3,0
DA:4,0
DA:5,0
DA:6,0
DA:8,0
DA:65,0
DA:83,0
LF:7
LH:0
BRDA:85,0,0,0
BRDA:85,0,1,0
BRDA:90,1,0,0
BRDA:90,1,1,0
BRDA:99,2,0,0
BRDA:99,2,1,0
BRF:6
BRH:0
end_of_record
TN:
SF:src\app\(marketing)\contato\page.tsx
FN:12,ContatoPage
FN:23,(anonymous_2)
FN:29,(anonymous_3)
FN:36,(anonymous_4)
FN:50,(anonymous_5)
FNF:5
FNH:0
FNDA:0,ContatoPage
FNDA:0,(anonymous_2)
FNDA:0,(anonymous_3)
FNDA:0,(anonymous_4)
FNDA:0,(anonymous_5)
DA:3,0
DA:4,0
DA:5,0
DA:6,0
DA:7,0
DA:8,0
DA:9,0
DA:10,0
DA:12,0
DA:13,0
DA:20,0
DA:22,0
DA:24,0
DA:27,0
DA:30,0
DA:36,0
DA:37,0
DA:38,0
DA:40,0
DA:50,0
DA:53,0
LF:21
LH:0
BRDA:238,0,0,0
BRDA:246,1,0,0
BRF:2
BRH:0
end_of_record
TN:
SF:src\app\(marketing)\criminal\page.tsx
FN:22,CriminalPage
FN:23,(anonymous_5)
FN:49,(anonymous_6)
FN:64,(anonymous_7)
FNF:4
FNH:0
FNDA:0,CriminalPage
FNDA:0,(anonymous_5)
FNDA:0,(anonymous_6)
FNDA:0,(anonymous_7)
DA:2,0
DA:3,0
DA:4,0
DA:5,0
DA:6,0
DA:8,0
DA:22,0
DA:23,0
DA:50,0
DA:65,0
LF:10
LH:0
BRF:0
BRH:0
end_of_record
TN:
SF:src\app\(marketing)\criminal\direito-aeronautico\page.tsx
FN:20,DireitoAeronauticoPage
FN:24,(anonymous_4)
FNF:2
FNH:0
FNDA:0,DireitoAeronauticoPage
FNDA:0,(anonymous_4)
DA:2,0
DA:3,0
DA:5,0
DA:20,0
DA:21,0
DA:23,0
DA:24,0
LF:7
LH:0
BRDA:24,0,0,0
BRDA:24,0,1,0
BRF:2
BRH:0
end_of_record
TN:
SF:src\app\(marketing)\criminal\direito-criminal\page.tsx
FN:19,DireitoCriminalPage
FN:23,(anonymous_4)
FNF:2
FNH:0
FNDA:0,DireitoCriminalPage
FNDA:0,(anonymous_4)
DA:2,0
DA:3,0
DA:5,0
DA:19,0
DA:20,0
DA:22,0
DA:23,0
LF:7
LH:0
BRDA:23,0,0,0
BRDA:23,0,1,0
BRF:2
BRH:0
end_of_record
TN:
SF:src\app\(marketing)\docs\page.tsx
FN:37,ApiDocsPage
FN:41,(anonymous_2)
FN:43,(anonymous_3)
FN:44,(anonymous_4)
FN:48,(anonymous_5)
FN:106,(anonymous_6)
FN:123,(anonymous_7)
FN:172,(anonymous_8)
FN:185,(anonymous_9)
FN:209,EndpointCard
FN:224,(anonymous_11)
FNF:11
FNH:0
FNDA:0,ApiDocsPage
FNDA:0,(anonymous_2)
FNDA:0,(anonymous_3)
FNDA:0,(anonymous_4)
FNDA:0,(anonymous_5)
FNDA:0,(anonymous_6)
FNDA:0,(anonymous_7)
FNDA:0,(anonymous_8)
FNDA:0,(anonymous_9)
FNDA:0,EndpointCard
FNDA:0,(anonymous_11)
DA:3,0
DA:4,0
DA:5,0
DA:6,0
DA:16,0
DA:37,0
DA:38,0
DA:39,0
DA:41,0
DA:42,0
DA:43,0
DA:45,0
DA:46,0
DA:48,0
DA:51,0
DA:59,0
DA:67,0
DA:107,0
DA:124,0
DA:173,0
DA:186,0
DA:218,0
DA:224,0
LF:23
LH:0
BRDA:51,0,0,0
BRDA:51,0,1,0
BRDA:59,1,0,0
BRDA:59,1,1,0
BRDA:115,2,0,0
BRDA:115,2,1,0
BRDA:115,3,0,0
BRDA:115,3,1,0
BRDA:115,3,2,0
BRDA:189,4,0,0
BRDA:189,4,1,0
BRDA:230,5,0,0
BRDA:236,6,0,0
BRDA:236,6,1,0
BRDA:241,7,0,0
BRDA:243,8,0,0
BRDA:254,9,0,0
BRF:17
BRH:0
end_of_record
TN:
SF:src\app\(marketing)\equipe\page.tsx
FN:6,EquipePage
FN:148,(anonymous_3)
FN:166,(anonymous_4)
FN:187,(anonymous_5)
FNF:4
FNH:0
FNDA:0,EquipePage
FNDA:0,(anonymous_3)
FNDA:0,(anonymous_4)
FNDA:0,(anonymous_5)
DA:1,0
DA:2,0
DA:3,0
DA:4,0
DA:6,0
DA:7,0
DA:35,0
DA:44,0
DA:149,0
DA:167,0
DA:168,0
DA:188,0
LF:12
LH:0
BRF:0
BRH:0
end_of_record
TN:
SF:src\app\(marketing)\financeiro\page.tsx
FN:19,(anonymous_2)
FN:35,FinanceiroPage
FN:96,(anonymous_4)
FN:121,(anonymous_5)
FNF:4
FNH:0
FNDA:0,(anonymous_2)
FNDA:0,FinanceiroPage
FNDA:0,(anonymous_4)
FNDA:0,(anonymous_5)
DA:3,0
DA:4,0
DA:5,0
DA:6,0
DA:7,0
DA:16,0
DA:17,0
DA:19,0
DA:21,0
DA:28,0
DA:35,0
DA:97,0
DA:98,0
DA:122,0
LF:14
LH:0
BRDA:97,0,0,0
BRDA:97,0,1,0
BRF:2
BRH:0
end_of_record
TN:
SF:src\app\(marketing)\financeiro\desbloqueio-conta\page.tsx
FN:18,DesbloqueioContaPage
FN:22,(anonymous_4)
FNF:2
FNH:0
FNDA:0,DesbloqueioContaPage
FNDA:0,(anonymous_4)
DA:2,0
DA:3,0
DA:5,0
DA:18,0
DA:19,0
DA:21,0
DA:22,0
LF:7
LH:0
BRDA:22,0,0,0
BRDA:22,0,1,0
BRF:2
BRH:0
end_of_record
TN:
SF:src\app\(marketing)\forgot-password\page.tsx
FN:10,ForgotPasswordPage
FN:17,(anonymous_3)
FN:109,(anonymous_4)
FNF:3
FNH:0
FNDA:0,ForgotPasswordPage
FNDA:0,(anonymous_3)
FNDA:0,(anonymous_4)
DA:3,0
DA:4,0
DA:5,0
DA:6,0
DA:7,0
DA:8,0
DA:10,0
DA:11,0
DA:12,0
DA:13,0
DA:14,0
DA:15,0
DA:17,0
DA:18,0
DA:20,0
DA:21,0
DA:22,0
DA:25,0
DA:26,0
DA:27,0
DA:28,0
DA:30,0
DA:31,0
DA:39,0
DA:41,0
DA:42,0
DA:43,0
DA:46,0
DA:49,0
DA:50,0
DA:53,0
DA:54,0
DA:56,0
DA:109,0
LF:34
LH:0
BRDA:20,0,0,0
BRDA:20,0,1,0
BRDA:41,1,0,0
BRDA:41,1,1,0
BRDA:42,2,0,0
BRDA:42,2,1,0
BRDA:49,3,0,0
BRDA:49,3,1,0
BRDA:75,4,0,0
BRDA:78,5,0,0
BRDA:94,6,0,0
BRDA:110,7,0,0
BRDA:110,7,1,0
BRDA:120,8,0,0
BRDA:120,8,1,0
BRF:15
BRH:0
end_of_record
TN:
SF:src\app\(marketing)\historia\page.tsx
FN:259,HistoriaPage
FN:343,(anonymous_2)
FN:363,(anonymous_3)
FN:393,(anonymous_4)
FN:413,(anonymous_5)
FN:443,(anonymous_6)
FN:461,(anonymous_7)
FN:486,(anonymous_8)
FNF:8
FNH:0
FNDA:0,HistoriaPage
FNDA:0,(anonymous_2)
FNDA:0,(anonymous_3)
FNDA:0,(anonymous_4)
FNDA:0,(anonymous_5)
FNDA:0,(anonymous_6)
FNDA:0,(anonymous_7)
FNDA:0,(anonymous_8)
DA:1,0
DA:2,0
DA:3,0
DA:5,0
DA:40,0
DA:130,0
DA:226,0
DA:259,0
DA:344,0
DA:364,0
DA:394,0
DA:414,0
DA:444,0
DA:462,0
DA:487,0
LF:15
LH:0
BRF:0
BRH:0
end_of_record
TN:
SF:src\app\(marketing)\logo\page.tsx
FN:18,(anonymous_2)
FN:27,Logo
FN:62,LogoPage
FN:66,(anonymous_5)
FN:202,(anonymous_6)
FN:208,(anonymous_7)
FNF:6
FNH:0
FNDA:0,(anonymous_2)
FNDA:0,Logo
FNDA:0,LogoPage
FNDA:0,(anonymous_5)
FNDA:0,(anonymous_6)
FNDA:0,(anonymous_7)
DA:3,0
DA:4,0
DA:5,0
DA:6,0
DA:7,0
DA:18,0
DA:62,0
DA:63,0
DA:64,0
DA:66,0
DA:67,0
DA:68,0
DA:69,0
DA:70,0
DA:203,0
DA:205,0
DA:208,0
LF:17
LH:0
BRDA:92,0,0,0
BRDA:210,1,0,0
BRDA:210,1,1,0
BRDA:214,2,0,0
BRDA:225,3,0,0
BRF:5
BRH:0
end_of_record
TN:
SF:src\app\(marketing)\parcerias\page.tsx
FN:6,ParceriasPage
FN:137,(anonymous_3)
FN:158,(anonymous_4)
FN:166,(anonymous_5)
FN:183,(anonymous_6)
FNF:5
FNH:0
FNDA:0,ParceriasPage
FNDA:0,(anonymous_3)
FNDA:0,(anonymous_4)
FNDA:0,(anonymous_5)
FNDA:0,(anonymous_6)
DA:1,0
DA:2,0
DA:3,0
DA:4,0
DA:6,0
DA:7,0
DA:40,0
DA:86,0
DA:138,0
DA:139,0
DA:159,0
DA:167,0
DA:184,0
LF:13
LH:0
BRF:0
BRH:0
end_of_record
TN:
SF:src\app\(marketing)\patrimonial\page.tsx
FN:23,PatrimonialPage
FN:24,(anonymous_5)
FN:50,(anonymous_6)
FN:65,(anonymous_7)
FNF:4
FNH:0
FNDA:0,PatrimonialPage
FNDA:0,(anonymous_5)
FNDA:0,(anonymous_6)
FNDA:0,(anonymous_7)
DA:2,0
DA:3,0
DA:4,0
DA:5,0
DA:6,0
DA:8,0
DA:23,0
DA:24,0
DA:51,0
DA:66,0
LF:10
LH:0
BRF:0
BRH:0
end_of_record
TN:
SF:src\app\(marketing)\patrimonial\avaliacao-imoveis\page.tsx
FN:19,AvaliacaoImoveisPage
FN:23,(anonymous_4)
FNF:2
FNH:0
FNDA:0,AvaliacaoImoveisPage
FNDA:0,(anonymous_4)
DA:2,0
DA:3,0
DA:5,0
DA:19,0
DA:20,0
DA:22,0
DA:23,0
LF:7
LH:0
BRDA:23,0,0,0
BRDA:23,0,1,0
BRF:2
BRH:0
end_of_record
TN:
SF:src\app\(marketing)\patrimonial\direito-imobiliario\page.tsx
FN:20,DireitoImobiliarioPage
FN:24,(anonymous_4)
FNF:2
FNH:0
FNDA:0,DireitoImobiliarioPage
FNDA:0,(anonymous_4)
DA:2,0
DA:3,0
DA:5,0
DA:20,0
DA:21,0
DA:23,0
DA:24,0
LF:7
LH:0
BRDA:24,0,0,0
BRDA:24,0,1,0
BRF:2
BRH:0
end_of_record
TN:
SF:src\app\(marketing)\patrimonial\holding-familiar\page.tsx
FN:19,HoldingFamiliarPage
FN:23,(anonymous_4)
FNF:2
FNH:0
FNDA:0,HoldingFamiliarPage
FNDA:0,(anonymous_4)
DA:2,0
DA:3,0
DA:5,0
DA:19,0
DA:20,0
DA:22,0
DA:23,0
LF:7
LH:0
BRDA:23,0,0,0
BRDA:23,0,1,0
BRF:2
BRH:0
end_of_record
TN:
SF:src\app\(marketing)\patrimonial\inventario\page.tsx
FN:20,InventarioPage
FN:24,(anonymous_4)
FNF:2
FNH:0
FNDA:0,InventarioPage
FNDA:0,(anonymous_4)
DA:2,0
DA:3,0
DA:5,0
DA:20,0
DA:21,0
DA:23,0
DA:24,0
LF:7
LH:0
BRDA:24,0,0,0
BRDA:24,0,1,0
BRF:2
BRH:0
end_of_record
TN:
SF:src\app\(marketing)\patrimonial\regularizacao-imovel\page.tsx
FN:20,RegularizacaoImovelPage
FN:24,(anonymous_4)
FNF:2
FNH:0
FNDA:0,RegularizacaoImovelPage
FNDA:0,(anonymous_4)
DA:2,0
DA:3,0
DA:5,0
DA:20,0
DA:21,0
DA:23,0
DA:24,0
LF:7
LH:0
BRDA:24,0,0,0
BRDA:24,0,1,0
BRF:2
BRH:0
end_of_record
TN:
SF:src\app\(marketing)\patrimonial\usucapiao\page.tsx
FN:19,UsucapiaoPage
FN:23,(anonymous_4)
FNF:2
FNH:0
FNDA:0,UsucapiaoPage
FNDA:0,(anonymous_4)
DA:2,0
DA:3,0
DA:5,0
DA:19,0
DA:20,0
DA:22,0
DA:23,0
LF:7
LH:0
BRDA:23,0,0,0
BRDA:23,0,1,0
BRF:2
BRH:0
end_of_record
TN:
SF:src\app\(marketing)\pericia\page.tsx
FN:22,PericiaPage
FN:23,(anonymous_5)
FN:49,(anonymous_6)
FN:64,(anonymous_7)
FNF:4
FNH:0
FNDA:0,PericiaPage
FNDA:0,(anonymous_5)
FNDA:0,(anonymous_6)
FNDA:0,(anonymous_7)
DA:2,0
DA:3,0
DA:4,0
DA:5,0
DA:6,0
DA:8,0
DA:22,0
DA:23,0
DA:50,0
DA:65,0
LF:10
LH:0
BRF:0
BRH:0
end_of_record
TN:
SF:src\app\(marketing)\pericia\grafotecnia\page.tsx
FN:19,GrafotecniaPage
FN:23,(anonymous_4)
FNF:2
FNH:0
FNDA:0,GrafotecniaPage
FNDA:0,(anonymous_4)
DA:2,0
DA:3,0
DA:5,0
DA:19,0
DA:20,0
DA:22,0
DA:23,0
LF:7
LH:0
BRDA:23,0,0,0
BRDA:23,0,1,0
BRF:2
BRH:0
end_of_record
TN:
SF:src\app\(marketing)\pericia\laudo-tecnico\page.tsx
FN:19,LaudoTecnicoPage
FN:23,(anonymous_4)
FNF:2
FNH:0
FNDA:0,LaudoTecnicoPage
FNDA:0,(anonymous_4)
DA:2,0
DA:3,0
DA:5,0
DA:19,0
DA:20,0
DA:22,0
DA:23,0
LF:7
LH:0
BRDA:23,0,0,0
BRDA:23,0,1,0
BRF:2
BRH:0
end_of_record
TN:
SF:src\app\(marketing)\pericia\pericia-documental\page.tsx
FN:18,PericiaDocumentalPage
FN:22,(anonymous_4)
FNF:2
FNH:0
FNDA:0,PericiaDocumentalPage
FNDA:0,(anonymous_4)
DA:2,0
DA:3,0
DA:5,0
DA:18,0
DA:19,0
DA:21,0
DA:22,0
LF:7
LH:0
BRDA:22,0,0,0
BRDA:22,0,1,0
BRF:2
BRH:0
end_of_record
TN:
SF:src\app\(marketing)\privacidade\page.tsx
FN:3,PrivacidadePage
FNF:1
FNH:0
FNDA:0,PrivacidadePage
DA:1,0
DA:3,0
LF:2
LH:0
BRF:0
BRH:0
end_of_record
TN:
SF:src\app\(marketing)\reset-password\page.tsx
FN:11,ResetPasswordForm
FN:21,(anonymous_3)
FN:28,(anonymous_4)
FN:47,(anonymous_5)
FN:76,(anonymous_6)
FN:136,(anonymous_7)
FN:139,(anonymous_8)
FN:165,(anonymous_9)
FN:168,(anonymous_10)
FN:214,ResetPasswordPage
FNF:10
FNH:0
FNDA:0,ResetPasswordForm
FNDA:0,(anonymous_3)
FNDA:0,(anonymous_4)
FNDA:0,(anonymous_5)
FNDA:0,(anonymous_6)
FNDA:0,(anonymous_7)
FNDA:0,(anonymous_8)
FNDA:0,(anonymous_9)
FNDA:0,(anonymous_10)
FNDA:0,ResetPasswordPage
DA:3,0
DA:4,0
DA:5,0
DA:6,0
DA:7,0
DA:8,0
DA:9,0
DA:12,0
DA:13,0
DA:14,0
DA:15,0
DA:16,0
DA:17,0
DA:18,0
DA:19,0
DA:21,0
DA:22,0
DA:23,0
DA:24,0
DA:28,0
DA:29,0
DA:31,0
DA:32,0
DA:35,0
DA:36,0
DA:39,0
DA:40,0
DA:43,0
DA:44,0
DA:47,0
DA:48,0
DA:50,0
DA:51,0
DA:54,0
DA:55,0
DA:57,0
DA:58,0
DA:66,0
DA:68,0
DA:69,0
DA:70,0
DA:73,0
DA:76,0
DA:77,0
DA:80,0
DA:81,0
DA:83,0
DA:87,0
DA:137,0
DA:138,0
DA:139,0
DA:140,0
DA:141,0
DA:142,0
DA:166,0
DA:167,0
DA:168,0
DA:169,0
DA:170,0
DA:171,0
DA:214,0
LF:61
LH:0
BRDA:23,0,0,0
BRDA:23,0,1,0
BRDA:31,1,0,0
BRDA:31,1,1,0
BRDA:35,2,0,0
BRDA:35,2,1,0
BRDA:39,3,0,0
BRDA:39,3,1,0
BRDA:50,4,0,0
BRDA:50,4,1,0
BRDA:68,5,0,0
BRDA:68,5,1,0
BRDA:69,6,0,0
BRDA:69,6,1,0
BRDA:87,7,0,0
BRDA:87,7,1,0
BRDA:87,8,0,0
BRDA:87,8,1,0
BRDA:119,9,0,0
BRDA:138,10,0,0
BRDA:138,10,1,0
BRDA:146,11,0,0
BRDA:146,11,1,0
BRDA:148,12,0,0
BRDA:167,13,0,0
BRDA:167,13,1,0
BRDA:175,14,0,0
BRDA:175,14,1,0
BRDA:177,15,0,0
BRDA:183,16,0,0
BRDA:189,17,0,0
BRDA:198,18,0,0
BRDA:198,18,1,0
BRDA:200,19,0,0
BRDA:200,19,1,0
BRF:35
BRH:0
end_of_record
TN:
SF:src\app\(marketing)\saude\page.tsx
FN:23,SaudePage
FN:24,(anonymous_5)
FN:50,(anonymous_6)
FN:65,(anonymous_7)
FNF:4
FNH:0
FNDA:0,SaudePage
FNDA:0,(anonymous_5)
FNDA:0,(anonymous_6)
FNDA:0,(anonymous_7)
DA:2,0
DA:3,0
DA:4,0
DA:5,0
DA:6,0
DA:8,0
DA:23,0
DA:24,0
DA:51,0
DA:66,0
LF:10
LH:0
BRF:0
BRH:0
end_of_record
TN:
SF:src\app\(marketing)\saude\bpc-loas\page.tsx
FN:19,BPCLOASPage
FN:23,(anonymous_4)
FNF:2
FNH:0
FNDA:0,BPCLOASPage
FNDA:0,(anonymous_4)
DA:2,0
DA:3,0
DA:5,0
DA:19,0
DA:20,0
DA:22,0
DA:23,0
LF:7
LH:0
BRDA:23,0,0,0
BRDA:23,0,1,0
BRF:2
BRH:0
end_of_record
TN:
SF:src\app\(marketing)\saude\cirurgia-bariatrica\page.tsx
FN:18,CirurgiaBariatricaPage
FN:22,(anonymous_4)
FNF:2
FNH:0
FNDA:0,CirurgiaBariatricaPage
FNDA:0,(anonymous_4)
DA:2,0
DA:3,0
DA:5,0
DA:18,0
DA:19,0
DA:21,0
DA:22,0
LF:7
LH:0
BRDA:22,0,0,0
BRDA:22,0,1,0
BRF:2
BRH:0
end_of_record
TN:
SF:src\app\(marketing)\saude\pericia-medica\page.tsx
FN:19,PericiaedicaPage
FN:23,(anonymous_4)
FNF:2
FNH:0
FNDA:0,PericiaedicaPage
FNDA:0,(anonymous_4)
DA:2,0
DA:3,0
DA:5,0
DA:19,0
DA:20,0
DA:22,0
DA:23,0
LF:7
LH:0
BRDA:23,0,0,0
BRDA:23,0,1,0
BRF:2
BRH:0
end_of_record
TN:
SF:src\app\(marketing)\saude\plano-saude\page.tsx
FN:19,PlanoSaudePage
FN:23,(anonymous_4)
FNF:2
FNH:0
FNDA:0,PlanoSaudePage
FNDA:0,(anonymous_4)
DA:2,0
DA:3,0
DA:5,0
DA:19,0
DA:20,0
DA:22,0
DA:23,0
LF:7
LH:0
BRDA:23,0,0,0
BRDA:23,0,1,0
BRF:2
BRH:0
end_of_record
TN:
SF:src\app\(marketing)\saude\tratamento-tea\page.tsx
FN:19,TratamentoTEAPage
FN:23,(anonymous_4)
FNF:2
FNH:0
FNDA:0,TratamentoTEAPage
FNDA:0,(anonymous_4)
DA:2,0
DA:3,0
DA:5,0
DA:19,0
DA:20,0
DA:22,0
DA:23,0
LF:7
LH:0
BRDA:23,0,0,0
BRDA:23,0,1,0
BRF:2
BRH:0
end_of_record
TN:
SF:src\app\(marketing)\servicos\page.tsx
FN:45,ServicesPage
FN:57,(anonymous_3)
FNF:2
FNH:0
FNDA:0,ServicesPage
FNDA:0,(anonymous_3)
DA:1,0
DA:2,0
DA:3,0
DA:4,0
DA:6,0
DA:45,0
DA:58,0
DA:59,0
LF:8
LH:0
BRF:0
BRH:0
end_of_record
TN:
SF:src\app\(marketing)\servicos\avaliacao-imoveis\page.tsx
FN:6,AvaliacaoImoveisPage
FN:92,(anonymous_3)
FN:99,(anonymous_4)
FN:118,(anonymous_5)
FNF:4
FNH:0
FNDA:0,AvaliacaoImoveisPage
FNDA:0,(anonymous_3)
FNDA:0,(anonymous_4)
FNDA:0,(anonymous_5)
DA:1,0
DA:2,0
DA:3,0
DA:4,0
DA:6,0
DA:7,0
DA:18,0
DA:93,0
DA:100,0
DA:119,0
LF:10
LH:0
BRF:0
BRH:0
end_of_record
TN:
SF:src\app\(marketing)\servicos\direito-criminal\page.tsx
FN:6,DireitoCriminalPage
FN:85,(anonymous_3)
FNF:2
FNH:0
FNDA:0,DireitoCriminalPage
FNDA:0,(anonymous_3)
DA:1,0
DA:2,0
DA:3,0
DA:4,0
DA:6,0
DA:7,0
DA:86,0
LF:7
LH:0
BRF:0
BRH:0
end_of_record
TN:
SF:src\app\(marketing)\servicos\direito-imobiliario\page.tsx
FN:6,DireitoImobiliarioPage
FN:84,(anonymous_3)
FNF:2
FNH:0
FNDA:0,DireitoImobiliarioPage
FNDA:0,(anonymous_3)
DA:1,0
DA:2,0
DA:3,0
DA:4,0
DA:6,0
DA:7,0
DA:85,0
LF:7
LH:0
BRF:0
BRH:0
end_of_record
TN:
SF:src\app\(marketing)\servicos\pericia-documentos\page.tsx
FN:6,PericiaDocumentosPage
FN:84,(anonymous_3)
FNF:2
FNH:0
FNDA:0,PericiaDocumentosPage
FNDA:0,(anonymous_3)
DA:1,0
DA:2,0
DA:3,0
DA:4,0
DA:6,0
DA:7,0
DA:85,0
LF:7
LH:0
BRF:0
BRH:0
end_of_record
TN:
SF:src\app\(marketing)\servicos\pericia-medica\page.tsx
FN:6,PericiaMedicaPage
FN:85,(anonymous_3)
FNF:2
FNH:0
FNDA:0,PericiaMedicaPage
FNDA:0,(anonymous_3)
DA:1,0
DA:2,0
DA:3,0
DA:4,0
DA:6,0
DA:7,0
DA:86,0
LF:7
LH:0
BRF:0
BRH:0
end_of_record
TN:
SF:src\app\(marketing)\servicos\secretaria-remota\page.tsx
FN:6,SecretariaRemotaPage
FN:94,(anonymous_3)
FN:202,(anonymous_4)
FNF:3
FNH:0
FNDA:0,SecretariaRemotaPage
FNDA:0,(anonymous_3)
FNDA:0,(anonymous_4)
DA:1,0
DA:2,0
DA:3,0
DA:4,0
DA:6,0
DA:7,0
DA:40,0
DA:95,0
DA:96,0
DA:203,0
LF:10
LH:0
BRF:0
BRH:0
end_of_record
TN:
SF:src\app\(marketing)\signup\page.tsx
FN:11,SignupPage
FN:25,(anonymous_3)
FN:26,(anonymous_4)
FN:32,(anonymous_5)
FN:40,(anonymous_6)
FN:63,(anonymous_7)
FN:98,(anonymous_8)
FNF:7
FNH:0
FNDA:0,SignupPage
FNDA:0,(anonymous_3)
FNDA:0,(anonymous_4)
FNDA:0,(anonymous_5)
FNDA:0,(anonymous_6)
FNDA:0,(anonymous_7)
FNDA:0,(anonymous_8)
DA:3,0
DA:4,0
DA:5,0
DA:6,0
DA:7,0
DA:8,0
DA:9,0
DA:11,0
DA:12,0
DA:13,0
DA:21,0
DA:22,0
DA:23,0
DA:25,0
DA:26,0
DA:31,0
DA:32,0
DA:33,0
DA:34,0
DA:35,0
DA:40,0
DA:41,0
DA:43,0
DA:44,0
DA:47,0
DA:48,0
DA:51,0
DA:52,0
DA:55,0
DA:56,0
DA:59,0
DA:60,0
DA:63,0
DA:64,0
DA:66,0
DA:67,0
DA:70,0
DA:71,0
DA:73,0
DA:74,0
DA:88,0
DA:90,0
DA:91,0
DA:92,0
DA:95,0
DA:98,0
DA:99,0
DA:102,0
DA:103,0
DA:105,0
LF:50
LH:0
BRDA:31,0,0,0
BRDA:31,0,1,0
BRDA:43,1,0,0
BRDA:43,1,1,0
BRDA:47,2,0,0
BRDA:47,2,1,0
BRDA:51,3,0,0
BRDA:51,3,1,0
BRDA:55,4,0,0
BRDA:55,4,1,0
BRDA:66,5,0,0
BRDA:66,5,1,0
BRDA:83,6,0,0
BRDA:83,6,1,0
BRDA:84,7,0,0
BRDA:84,7,1,0
BRDA:90,8,0,0
BRDA:90,8,1,0
BRDA:91,9,0,0
BRDA:91,9,1,0
BRDA:127,10,0,0
BRDA:145,11,0,0
BRDA:145,11,1,0
BRDA:147,12,0,0
BRDA:162,13,0,0
BRDA:162,13,1,0
BRDA:164,14,0,0
BRDA:205,15,0,0
BRDA:205,15,1,0
BRDA:207,16,0,0
BRDA:225,17,0,0
BRDA:225,17,1,0
BRDA:227,18,0,0
BRDA:233,19,0,0
BRDA:244,20,0,0
BRDA:244,20,1,0
BRF:36
BRH:0
end_of_record
TN:
SF:src\app\(marketing)\termos\page.tsx
FN:3,TermosPage
FNF:1
FNH:0
FNDA:0,TermosPage
DA:1,0
DA:3,0
LF:2
LH:0
BRF:0
BRH:0
end_of_record
TN:
SF:src\app\(partner)\layout.tsx
FN:30,PartnerLayout
FN:61,(anonymous_3)
FN:68,(anonymous_4)
FN:73,(anonymous_5)
FN:81,(anonymous_6)
FN:112,(anonymous_7)
FN:135,(anonymous_8)
FN:152,(anonymous_9)
FNF:8
FNH:0
FNDA:0,PartnerLayout
FNDA:0,(anonymous_3)
FNDA:0,(anonymous_4)
FNDA:0,(anonymous_5)
FNDA:0,(anonymous_6)
FNDA:0,(anonymous_7)
FNDA:0,(anonymous_8)
FNDA:0,(anonymous_9)
DA:3,0
DA:4,0
DA:15,0
DA:16,0
DA:17,0
DA:18,0
DA:19,0
DA:20,0
DA:22,0
DA:30,0
DA:31,0
DA:32,0
DA:33,0
DA:35,0
DA:46,0
DA:61,0
DA:68,0
DA:75,0
DA:77,0
DA:81,0
DA:114,0
DA:116,0
DA:135,0
DA:152,0
LF:24
LH:0
BRDA:35,0,0,0
BRDA:35,0,1,0
BRDA:46,1,0,0
BRDA:46,1,1,0
BRDA:59,2,0,0
BRDA:75,3,0,0
BRDA:75,3,1,0
BRDA:75,3,2,0
BRDA:84,4,0,0
BRDA:84,4,1,0
BRDA:114,5,0,0
BRDA:114,5,1,0
BRDA:114,5,2,0
BRDA:122,6,0,0
BRDA:122,6,1,0
BRDA:160,7,0,0
BRDA:160,7,1,0
BRF:17
BRH:0
end_of_record
TN:
SF:src\app\(partner)\parceiro\page.tsx
FN:57,PartnerDashboard
FN:62,(anonymous_2)
FN:65,(anonymous_3)
FN:168,(anonymous_4)
FNF:4
FNH:0
FNDA:0,PartnerDashboard
FNDA:0,(anonymous_2)
FNDA:0,(anonymous_3)
FNDA:0,(anonymous_4)
DA:3,0
DA:4,0
DA:13,0
DA:14,0
DA:17,0
DA:50,0
DA:57,0
DA:58,0
DA:60,0
DA:62,0
DA:63,0
DA:64,0
DA:65,0
DA:169,0
DA:170,0
LF:15
LH:0
BRDA:89,0,0,0
BRDA:195,1,0,0
BRF:2
BRH:0
end_of_record
TN:
SF:src\app\(partner)\parceiro\comissoes\page.tsx
FN:95,ComissoesPage
FN:99,(anonymous_2)
FN:100,(anonymous_3)
FN:103,(anonymous_4)
FN:104,(anonymous_5)
FN:107,(anonymous_6)
FN:108,(anonymous_7)
FN:110,(anonymous_8)
FN:112,(anonymous_9)
FN:224,(anonymous_10)
FNF:10
FNH:0
FNDA:0,ComissoesPage
FNDA:0,(anonymous_2)
FNDA:0,(anonymous_3)
FNDA:0,(anonymous_4)
FNDA:0,(anonymous_5)
FNDA:0,(anonymous_6)
FNDA:0,(anonymous_7)
FNDA:0,(anonymous_8)
FNDA:0,(anonymous_9)
FNDA:0,(anonymous_10)
DA:3,0
DA:4,0
DA:5,0
DA:14,0
DA:21,0
DA:36,0
DA:89,0
DA:95,0
DA:96,0
DA:98,0
DA:99,0
DA:100,0
DA:102,0
DA:103,0
DA:104,0
DA:106,0
DA:107,0
DA:108,0
DA:110,0
DA:112,0
DA:114,0
DA:225,0
DA:226,0
LF:23
LH:0
BRDA:103,0,0,0
BRDA:103,0,1,0
BRDA:110,1,0,0
BRDA:110,1,1,0
BRDA:255,2,0,0
BRDA:260,3,0,0
BRF:6
BRH:0
end_of_record
TN:
SF:src\app\(partner)\parceiro\configuracoes\page.tsx
FN:48,ConfiguracoesPage
FN:53,(anonymous_2)
FN:56,(anonymous_3)
FN:99,(anonymous_4)
FN:110,(anonymous_5)
FN:122,(anonymous_6)
FN:132,(anonymous_7)
FN:143,(anonymous_8)
FN:153,(anonymous_9)
FN:176,(anonymous_10)
FN:185,(anonymous_11)
FN:193,(anonymous_12)
FN:201,(anonymous_13)
FN:224,(anonymous_14)
FN:237,(anonymous_15)
FN:251,(anonymous_16)
FN:264,(anonymous_17)
FN:301,(anonymous_18)
FN:315,(anonymous_19)
FN:329,(anonymous_20)
FN:343,(anonymous_21)
FNF:21
FNH:0
FNDA:0,ConfiguracoesPage
FNDA:0,(anonymous_2)
FNDA:0,(anonymous_3)
FNDA:0,(anonymous_4)
FNDA:0,(anonymous_5)
FNDA:0,(anonymous_6)
FNDA:0,(anonymous_7)
FNDA:0,(anonymous_8)
FNDA:0,(anonymous_9)
FNDA:0,(anonymous_10)
FNDA:0,(anonymous_11)
FNDA:0,(anonymous_12)
FNDA:0,(anonymous_13)
FNDA:0,(anonymous_14)
FNDA:0,(anonymous_15)
FNDA:0,(anonymous_16)
FNDA:0,(anonymous_17)
FNDA:0,(anonymous_18)
FNDA:0,(anonymous_19)
FNDA:0,(anonymous_20)
FNDA:0,(anonymous_21)
DA:3,0
DA:4,0
DA:5,0
DA:6,0
DA:7,0
DA:8,0
DA:20,0
DA:21,0
DA:23,0
DA:48,0
DA:49,0
DA:50,0
DA:51,0
DA:53,0
DA:55,0
DA:56,0
DA:99,0
DA:110,0
DA:122,0
DA:132,0
DA:143,0
DA:153,0
DA:176,0
DA:185,0
DA:193,0
DA:201,0
DA:225,0
DA:238,0
DA:252,0
DA:265,0
DA:302,0
DA:316,0
DA:330,0
DA:344,0
LF:34
LH:0
BRDA:70,0,0,0
BRDA:405,1,0,0
BRF:2
BRH:0
end_of_record
TN:
SF:src\app\(partner)\parceiro\indicacoes\page.tsx
FN:137,IndicacoesPage
FN:143,(anonymous_2)
FN:151,(anonymous_3)
FN:164,(anonymous_4)
FN:165,(anonymous_5)
FN:166,(anonymous_6)
FN:167,(anonymous_7)
FN:222,(anonymous_8)
FN:265,(anonymous_9)
FNF:9
FNH:0
FNDA:0,IndicacoesPage
FNDA:0,(anonymous_2)
FNDA:0,(anonymous_3)
FNDA:0,(anonymous_4)
FNDA:0,(anonymous_5)
FNDA:0,(anonymous_6)
FNDA:0,(anonymous_7)
FNDA:0,(anonymous_8)
FNDA:0,(anonymous_9)
DA:3,0
DA:4,0
DA:6,0
DA:16,0
DA:23,0
DA:42,0
DA:129,0
DA:137,0
DA:138,0
DA:139,0
DA:140,0
DA:142,0
DA:145,0
DA:148,0
DA:149,0
DA:152,0
DA:153,0
DA:154,0
DA:155,0
DA:156,0
DA:157,0
DA:159,0
DA:162,0
DA:164,0
DA:165,0
DA:166,0
DA:167,0
DA:222,0
DA:266,0
DA:267,0
LF:30
LH:0
BRDA:145,0,0,0
BRDA:145,0,1,0
BRDA:145,0,2,0
BRDA:148,1,0,0
BRDA:148,1,1,0
BRDA:149,2,0,0
BRDA:149,2,1,0
BRDA:152,3,0,0
BRDA:152,3,1,0
BRDA:154,4,0,0
BRDA:154,4,1,0
BRDA:156,5,0,0
BRDA:156,5,1,0
BRDA:166,6,0,0
BRDA:166,6,1,0
BRDA:290,7,0,0
BRDA:307,8,0,0
BRDA:315,9,0,0
BRDA:323,10,0,0
BRDA:332,11,0,0
BRDA:342,12,0,0
BRF:21
BRH:0
end_of_record
TN:
SF:src\app\(partner)\parceiro\link\page.tsx
FN:42,LinkPage
FN:52,(anonymous_2)
FN:55,(anonymous_3)
FN:104,(anonymous_4)
FN:119,(anonymous_5)
FN:209,(anonymous_6)
FN:238,(anonymous_7)
FN:261,(anonymous_8)
FN:299,(anonymous_9)
FN:323,(anonymous_10)
FNF:10
FNH:0
FNDA:0,LinkPage
FNDA:0,(anonymous_2)
FNDA:0,(anonymous_3)
FNDA:0,(anonymous_4)
FNDA:0,(anonymous_5)
FNDA:0,(anonymous_6)
FNDA:0,(anonymous_7)
FNDA:0,(anonymous_8)
FNDA:0,(anonymous_9)
FNDA:0,(anonymous_10)
DA:3,0
DA:4,0
DA:5,0
DA:6,0
DA:16,0
DA:18,0
DA:42,0
DA:43,0
DA:44,0
DA:45,0
DA:47,0
DA:48,0
DA:52,0
DA:53,0
DA:54,0
DA:55,0
DA:58,0
DA:104,0
DA:119,0
DA:210,0
DA:238,0
DA:262,0
DA:263,0
DA:300,0
DA:324,0
LF:25
LH:0
BRDA:44,0,0,0
BRDA:44,0,1,0
BRDA:48,1,0,0
BRDA:48,1,1,0
BRDA:109,2,0,0
BRDA:135,3,0,0
BRDA:246,4,0,0
BRDA:246,4,1,0
BRDA:307,5,0,0
BRDA:331,6,0,0
BRF:10
BRH:0
end_of_record
TN:
SF:src\app\api\admin\analytics\leads\route.ts
FN:8,GET
FN:45,(anonymous_2)
FN:46,(anonymous_3)
FN:47,(anonymous_4)
FN:48,(anonymous_5)
FN:50,(anonymous_6)
FN:51,(anonymous_7)
FN:52,(anonymous_8)
FN:53,(anonymous_9)
FN:58,(anonymous_10)
FN:65,(anonymous_11)
FN:96,(anonymous_12)
FN:98,(anonymous_13)
FN:105,(anonymous_14)
FN:126,(anonymous_15)
FN:128,(anonymous_16)
FN:138,(anonymous_17)
FN:139,(anonymous_18)
FN:140,(anonymous_19)
FN:141,(anonymous_20)
FN:145,(anonymous_21)
FN:150,(anonymous_22)
FN:154,(anonymous_23)
FN:158,(anonymous_24)
FN:187,(anonymous_25)
FN:188,(anonymous_26)
FN:203,generateTimeSeries
FN:238,(anonymous_28)
FN:255,(anonymous_29)
FN:259,(anonymous_30)
FN:272,formatDateKey
FNF:31
FNH:0
FNDA:0,GET
FNDA:0,(anonymous_2)
FNDA:0,(anonymous_3)
FNDA:0,(anonymous_4)
FNDA:0,(anonymous_5)
FNDA:0,(anonymous_6)
FNDA:0,(anonymous_7)
FNDA:0,(anonymous_8)
FNDA:0,(anonymous_9)
FNDA:0,(anonymous_10)
FNDA:0,(anonymous_11)
FNDA:0,(anonymous_12)
FNDA:0,(anonymous_13)
FNDA:0,(anonymous_14)
FNDA:0,(anonymous_15)
FNDA:0,(anonymous_16)
FNDA:0,(anonymous_17)
FNDA:0,(anonymous_18)
FNDA:0,(anonymous_19)
FNDA:0,(anonymous_20)
FNDA:0,(anonymous_21)
FNDA:0,(anonymous_22)
FNDA:0,(anonymous_23)
FNDA:0,(anonymous_24)
FNDA:0,(anonymous_25)
FNDA:0,(anonymous_26)
FNDA:0,generateTimeSeries
FNDA:0,(anonymous_28)
FNDA:0,(anonymous_29)
FNDA:0,(anonymous_30)
FNDA:0,formatDateKey
DA:1,0
DA:2,0
DA:8,0
DA:9,0
DA:10,0
DA:15,0
DA:16,0
DA:17,0
DA:21,0
DA:22,0
DA:23,0
DA:26,0
DA:27,0
DA:28,0
DA:31,0
DA:38,0
DA:39,0
DA:40,0
DA:44,0
DA:45,0
DA:46,0
DA:47,0
DA:48,0
DA:50,0
DA:51,0
DA:52,0
DA:53,0
DA:55,0
DA:57,0
DA:58,0
DA:64,0
DA:66,0
DA:67,0
DA:81,0
DA:82,0
DA:84,0
DA:85,0
DA:86,0
DA:87,0
DA:88,0
DA:90,0
DA:96,0
DA:97,0
DA:98,0
DA:99,0
DA:100,0
DA:104,0
DA:106,0
DA:107,0
DA:116,0
DA:117,0
DA:118,0
DA:120,0
DA:126,0
DA:127,0
DA:128,0
DA:129,0
DA:130,0
DA:134,0
DA:137,0
DA:138,0
DA:139,0
DA:140,0
DA:141,0
DA:145,0
DA:146,0
DA:149,0
DA:150,0
DA:153,0
DA:154,0
DA:157,0
DA:158,0
DA:161,0
DA:187,0
DA:188,0
DA:192,0
DA:193,0
DA:209,0
DA:212,0
DA:213,0
DA:214,0
DA:215,0
DA:228,0
DA:229,0
DA:230,0
DA:231,0
DA:232,0
DA:233,0
DA:238,0
DA:239,0
DA:240,0
DA:242,0
DA:243,0
DA:244,0
DA:246,0
DA:247,0
DA:248,0
DA:249,0
DA:250,0
DA:255,0
DA:256,0
DA:257,0
DA:259,0
DA:263,0
DA:266,0
DA:273,0
DA:274,0
DA:275,0
DA:277,0
DA:278,0
DA:279,0
DA:280,0
DA:281,0
DA:282,0
DA:283,0
DA:285,0
LF:116
LH:0
BRDA:16,0,0,0
BRDA:16,0,1,0
BRDA:22,1,0,0
BRDA:22,1,1,0
BRDA:23,2,0,0
BRDA:23,2,1,0
BRDA:38,3,0,0
BRDA:38,3,1,0
BRDA:44,4,0,0
BRDA:44,4,1,0
BRDA:45,5,0,0
BRDA:45,5,1,0
BRDA:46,6,0,0
BRDA:46,6,1,0
BRDA:47,7,0,0
BRDA:47,7,1,0
BRDA:48,8,0,0
BRDA:48,8,1,0
BRDA:50,9,0,0
BRDA:50,9,1,0
BRDA:51,10,0,0
BRDA:51,10,1,0
BRDA:52,11,0,0
BRDA:52,11,1,0
BRDA:53,12,0,0
BRDA:53,12,1,0
BRDA:55,13,0,0
BRDA:55,13,1,0
BRDA:57,14,0,0
BRDA:57,14,1,0
BRDA:58,15,0,0
BRDA:58,15,1,0
BRDA:66,16,0,0
BRDA:66,16,1,0
BRDA:84,17,0,0
BRDA:84,17,1,0
BRDA:85,18,0,0
BRDA:85,18,1,0
BRDA:86,19,0,0
BRDA:86,19,1,0
BRDA:87,20,0,0
BRDA:87,20,1,0
BRDA:88,21,0,0
BRDA:88,21,1,0
BRDA:96,22,0,0
BRDA:96,22,1,0
BRDA:99,23,0,0
BRDA:99,23,1,0
BRDA:106,24,0,0
BRDA:106,24,1,0
BRDA:118,25,0,0
BRDA:118,25,1,0
BRDA:126,26,0,0
BRDA:126,26,1,0
BRDA:129,27,0,0
BRDA:129,27,1,0
BRDA:134,28,0,0
BRDA:134,28,1,0
BRDA:138,29,0,0
BRDA:138,29,1,0
BRDA:138,30,0,0
BRDA:138,30,1,0
BRDA:139,31,0,0
BRDA:139,31,1,0
BRDA:139,32,0,0
BRDA:139,32,1,0
BRDA:140,33,0,0
BRDA:140,33,1,0
BRDA:140,34,0,0
BRDA:140,34,1,0
BRDA:141,35,0,0
BRDA:141,35,1,0
BRDA:141,36,0,0
BRDA:141,36,1,0
BRDA:145,37,0,0
BRDA:145,37,1,0
BRDA:146,38,0,0
BRDA:146,38,1,0
BRDA:149,39,0,0
BRDA:149,39,1,0
BRDA:153,40,0,0
BRDA:153,40,1,0
BRDA:157,41,0,0
BRDA:157,41,1,0
BRDA:187,42,0,0
BRDA:187,42,1,0
BRDA:188,43,0,0
BRDA:188,43,1,0
BRDA:228,44,0,0
BRDA:228,44,1,0
BRDA:230,45,0,0
BRDA:230,45,1,0
BRDA:232,46,0,0
BRDA:232,46,1,0
BRDA:242,47,0,0
BRDA:242,47,1,0
BRDA:246,48,0,0
BRDA:246,48,1,0
BRDA:247,49,0,0
BRDA:247,49,1,0
BRDA:248,50,0,0
BRDA:248,50,1,0
BRDA:249,51,0,0
BRDA:249,51,1,0
BRDA:250,52,0,0
BRDA:250,52,1,0
BRDA:256,53,0,0
BRDA:256,53,1,0
BRDA:273,54,0,0
BRDA:273,54,1,0
BRDA:275,55,0,0
BRDA:275,55,1,0
BRDA:279,56,0,0
BRDA:279,56,1,0
BRDA:282,57,0,0
BRDA:282,57,1,0
BRF:116
BRH:0
end_of_record
TN:
SF:src\app\api\admin\follow-ups\manual\route.ts
FN:9,POST
FNF:1
FNH:0
FNDA:0,POST
DA:1,0
DA:2,0
DA:3,0
DA:9,0
DA:10,0
DA:11,0
DA:16,0
DA:17,0
DA:18,0
DA:22,0
DA:23,0
DA:25,0
DA:26,0
DA:30,0
DA:32,0
DA:34,0
DA:35,0
LF:17
LH:0
BRDA:17,0,0,0
BRDA:17,0,1,0
BRDA:25,1,0,0
BRDA:25,1,1,0
BRDA:25,2,0,0
BRDA:25,2,1,0
BRF:6
BRH:0
end_of_record
TN:
SF:src\app\api\admin\follow-ups\process\route.ts
FN:10,POST
FNF:1
FNH:0
FNDA:0,POST
DA:1,0
DA:2,0
DA:3,0
DA:10,0
DA:11,0
DA:12,0
DA:17,0
DA:18,0
DA:19,0
DA:23,0
DA:24,0
DA:26,0
DA:27,0
DA:31,0
DA:33,0
DA:39,0
DA:40,0
LF:17
LH:0
BRDA:18,0,0,0
BRDA:18,0,1,0
BRDA:26,1,0,0
BRDA:26,1,1,0
BRDA:26,2,0,0
BRDA:26,2,1,0
BRF:6
BRH:0
end_of_record
TN:
SF:src\app\api\admin\leads\route.ts
FN:12,GET
FN:48,(anonymous_2)
FNF:2
FNH:0
FNDA:0,GET
FNDA:0,(anonymous_2)
DA:6,0
DA:7,0
DA:8,0
DA:12,0
DA:13,0
DA:14,0
DA:19,0
DA:20,0
DA:21,0
DA:25,0
DA:26,0
DA:27,0
DA:31,0
DA:32,0
DA:33,0
DA:34,0
DA:35,0
DA:36,0
DA:39,0
DA:48,0
DA:63,0
DA:71,0
DA:72,0
LF:23
LH:0
BRDA:20,0,0,0
BRDA:20,0,1,0
BRDA:26,1,0,0
BRDA:26,1,1,0
BRDA:26,2,0,0
BRDA:26,2,1,0
BRDA:32,3,0,0
BRDA:32,3,1,0
BRDA:33,4,0,0
BRDA:33,4,1,0
BRDA:42,5,0,0
BRDA:42,5,1,0
BRDA:43,6,0,0
BRDA:43,6,1,0
BRDA:44,7,0,0
BRDA:44,7,1,0
BRF:16
BRH:0
end_of_record
TN:
SF:src\app\api\admin\leads\dashboard\route.ts
FN:13,GET
FN:51,(anonymous_2)
FNF:2
FNH:0
FNDA:0,GET
FNDA:0,(anonymous_2)
DA:6,0
DA:7,0
DA:11,0
DA:13,0
DA:14,0
DA:15,0
DA:20,0
DA:21,0
DA:22,0
DA:26,0
DA:27,0
DA:28,0
DA:32,0
DA:33,0
DA:41,0
DA:44,0
DA:51,0
DA:58,0
DA:64,0
DA:66,0
DA:67,0
LF:21
LH:0
BRDA:21,0,0,0
BRDA:21,0,1,0
BRDA:27,1,0,0
BRDA:27,1,1,0
BRDA:27,2,0,0
BRDA:27,2,1,0
BRDA:51,3,0,0
BRDA:51,3,1,0
BRF:8
BRH:0
end_of_record
TN:
SF:src\app\api\admin\leads\qualified\route.ts
FN:8,GET
FN:53,(anonymous_4)
FN:89,POST
FNF:3
FNH:0
FNDA:0,GET
FNDA:0,(anonymous_4)
FNDA:0,POST
DA:1,0
DA:2,0
DA:8,0
DA:9,0
DA:10,0
DA:13,0
DA:14,0
DA:15,0
DA:19,0
DA:20,0
DA:23,0
DA:29,0
DA:30,0
DA:31,0
DA:32,0
DA:33,0
DA:34,0
DA:35,0
DA:36,0
DA:37,0
DA:38,0
DA:39,0
DA:40,0
DA:41,0
DA:42,0
DA:45,0
DA:47,0
DA:48,0
DA:49,0
DA:53,0
DA:72,0
DA:77,0
DA:78,0
DA:89,0
DA:90,0
DA:91,0
DA:94,0
DA:106,0
DA:109,0
DA:110,0
DA:117,0
DA:124,0
DA:131,0
DA:156,0
DA:157,0
DA:158,0
DA:162,0
DA:183,0
DA:188,0
DA:189,0
LF:50
LH:0
BRDA:14,0,0,0
BRDA:14,0,1,0
BRDA:20,1,0,0
BRDA:20,1,1,0
BRDA:29,2,0,0
BRDA:29,2,1,0
BRDA:31,3,0,0
BRDA:31,3,1,0
BRDA:33,4,0,0
BRDA:33,4,1,0
BRDA:35,5,0,0
BRDA:35,5,1,0
BRDA:39,6,0,0
BRDA:39,6,1,0
BRDA:47,7,0,0
BRDA:47,7,1,0
BRDA:53,8,0,0
BRDA:53,8,1,0
BRDA:66,9,0,0
BRDA:66,9,1,0
BRDA:69,10,0,0
BRDA:69,10,1,0
BRDA:109,11,0,0
BRDA:109,11,1,0
BRDA:109,12,0,0
BRDA:109,12,1,0
BRDA:109,12,2,0
BRDA:109,12,3,0
BRDA:109,12,4,0
BRDA:117,13,0,0
BRDA:117,13,1,0
BRDA:118,14,0,0
BRDA:118,14,1,0
BRDA:118,14,2,0
BRDA:118,14,3,0
BRDA:118,14,4,0
BRDA:145,15,0,0
BRDA:145,15,1,0
BRDA:146,16,0,0
BRDA:146,16,1,0
BRDA:150,17,0,0
BRDA:150,17,1,0
BRDA:156,18,0,0
BRDA:156,18,1,0
BRF:44
BRH:0
end_of_record
TN:
SF:src\app\api\admin\leads\stats\route.ts
FN:10,GET
FN:39,(anonymous_2)
FN:47,(anonymous_3)
FNF:3
FNH:0
FNDA:0,GET
FNDA:0,(anonymous_2)
FNDA:0,(anonymous_3)
DA:6,0
DA:7,0
DA:8,0
DA:10,0
DA:11,0
DA:12,0
DA:17,0
DA:18,0
DA:19,0
DA:23,0
DA:24,0
DA:25,0
DA:29,0
DA:32,0
DA:37,0
DA:39,0
DA:45,0
DA:47,0
DA:52,0
DA:63,0
DA:65,0
DA:66,0
LF:22
LH:0
BRDA:18,0,0,0
BRDA:18,0,1,0
BRDA:24,1,0,0
BRDA:24,1,1,0
BRDA:24,2,0,0
BRDA:24,2,1,0
BRDA:37,3,0,0
BRDA:37,3,1,0
BRDA:37,4,0,0
BRDA:37,4,1,0
BRDA:45,5,0,0
BRDA:45,5,1,0
BRDA:45,6,0,0
BRDA:45,6,1,0
BRDA:47,7,0,0
BRDA:47,7,1,0
BRF:16
BRH:0
end_of_record
TN:
SF:src\app\api\ads\campaigns\route.ts
FN:26,POST
FN:92,GET
FNF:2
FNH:0
FNDA:0,POST
FNDA:0,GET
DA:6,0
DA:7,0
DA:8,0
DA:10,0
DA:26,0
DA:27,0
DA:28,0
DA:30,0
DA:32,0
DA:33,0
DA:39,0
DA:42,0
DA:43,0
DA:45,0
DA:49,0
DA:65,0
DA:66,0
DA:67,0
DA:75,0
DA:83,0
DA:84,0
DA:92,0
DA:93,0
DA:94,0
DA:95,0
DA:96,0
DA:97,0
DA:98,0
DA:99,0
DA:101,0
DA:107,0
DA:108,0
DA:109,0
DA:111,0
DA:113,0
DA:114,0
DA:120,0
DA:132,0
DA:133,0
LF:39
LH:0
BRDA:30,0,0,0
BRDA:32,1,0,0
BRDA:32,1,1,0
BRDA:32,2,0,0
BRDA:32,2,1,0
BRDA:32,2,2,0
BRDA:42,3,0,0
[...]
BRDA:132,6,0,0
BRDA:132,6,1,0
BRDA:152,7,0,0
BRDA:152,7,1,0
BRF:16
BRH:0
end_of_record
TN:
SF:src\lib\trpc\routers\index.ts
FNF:0
FNH:0
DA:1,0
DA:2,0
DA:3,0
DA:4,0
DA:5,0
DA:6,0
DA:7,0
DA:9,0
LF:8
LH:0
BRF:0
BRH:0
end_of_record
TN:
SF:src\lib\trpc\routers\leads.ts
FN:20,(anonymous_1)
FN:48,(anonymous_2)
FN:65,(anonymous_3)
FN:99,(anonymous_4)
FN:126,(anonymous_5)
FN:151,(anonymous_6)
FNF:6
FNH:0
FNDA:0,(anonymous_1)
FNDA:0,(anonymous_2)
FNDA:0,(anonymous_3)
FNDA:0,(anonymous_4)
FNDA:0,(anonymous_5)
FNDA:0,(anonymous_6)
DA:1,0
DA:2,0
DA:3,0
DA:4,0
DA:6,0
DA:21,0
DA:36,0
DA:37,0
DA:45,0
DA:49,0
DA:52,0
DA:66,0
DA:72,0
DA:73,0
DA:76,0
DA:77,0
DA:80,0
DA:82,0
DA:83,0
DA:90,0
DA:100,0
DA:106,0
DA:107,0
DA:114,0
DA:127,0
DA:137,0
DA:138,0
DA:145,0
DA:152,0
DA:157,0
DA:158,0
DA:165,0
LF:32
LH:0
BRDA:36,0,0,0
BRDA:36,0,1,0
BRDA:72,1,0,0
BRDA:72,1,1,0
BRDA:76,2,0,0
BRDA:76,2,1,0
BRDA:82,3,0,0
BRDA:82,3,1,0
BRDA:92,4,0,0
BRDA:92,4,1,0
BRDA:106,5,0,0
BRDA:106,5,1,0
BRDA:137,6,0,0
BRDA:137,6,1,0
BRDA:157,7,0,0
BRDA:157,7,1,0
BRF:16
BRH:0
end_of_record
TN:
SF:src\lib\trpc\routers\referrals.ts
FN:103,(anonymous_1)
FN:109,(anonymous_2)
FN:125,(anonymous_3)
FN:126,(anonymous_4)
FN:145,(anonymous_5)
FN:179,(anonymous_6)
FN:180,(anonymous_7)
FN:215,(anonymous_8)
FN:223,(anonymous_9)
FN:238,(anonymous_10)
FN:252,(anonymous_11)
FN:255,(anonymous_12)
FN:256,(anonymous_13)
FN:269,(anonymous_14)
FN:270,(anonymous_15)
FN:272,(anonymous_16)
FN:273,(anonymous_17)
FN:286,(anonymous_18)
FNF:18
FNH:0
FNDA:0,(anonymous_1)
FNDA:0,(anonymous_2)
FNDA:0,(anonymous_3)
FNDA:0,(anonymous_4)
FNDA:0,(anonymous_5)
FNDA:0,(anonymous_6)
FNDA:0,(anonymous_7)
FNDA:0,(anonymous_8)
FNDA:0,(anonymous_9)
FNDA:0,(anonymous_10)
FNDA:0,(anonymous_11)
FNDA:0,(anonymous_12)
FNDA:0,(anonymous_13)
FNDA:0,(anonymous_14)
FNDA:0,(anonymous_15)
FNDA:0,(anonymous_16)
FNDA:0,(anonymous_17)
FNDA:0,(anonymous_18)
DA:1,0
DA:2,0
DA:5,0
DA:7,0
DA:24,0
DA:72,0
DA:85,0
DA:92,0
DA:106,0
DA:108,0
DA:109,0
DA:112,0
DA:113,0
DA:115,0
DA:126,0
DA:127,0
DA:128,0
DA:130,0
DA:147,0
DA:164,0
DA:166,0
DA:180,0
DA:181,0
DA:182,0
DA:185,0
DA:186,0
DA:189,0
DA:195,0
DA:196,0
DA:198,0
DA:199,0
DA:200,0
DA:201,0
DA:204,0
DA:205,0
DA:208,0
DA:209,0
DA:217,0
DA:225,0
DA:240,0
DA:241,0
DA:254,0
DA:255,0
DA:256,0
DA:266,0
DA:269,0
DA:270,0
DA:272,0
DA:273,0
DA:288,0
LF:50
LH:0
BRDA:108,0,0,0
BRDA:108,0,1,0
BRDA:127,1,0,0
BRDA:127,1,1,0
BRDA:155,2,0,0
BRDA:155,2,1,0
BRDA:181,3,0,0
BRDA:181,3,1,0
BRDA:192,4,0,0
BRDA:192,4,1,0
BRDA:195,5,0,0
BRDA:195,5,1,0
BRDA:195,6,0,0
BRDA:195,6,1,0
BRDA:198,7,0,0
BRDA:198,7,1,0
BRDA:198,8,0,0
BRDA:198,8,1,0
BRDA:200,9,0,0
BRDA:200,9,1,0
BRDA:204,10,0,0
BRDA:204,10,1,0
BRDA:204,11,0,0
BRDA:204,11,1,0
BRDA:261,12,0,0
BRDA:261,12,1,0
BRDA:262,13,0,0
BRDA:262,13,1,0
BRF:28
BRH:0
end_of_record
TN:
SF:src\lib\utils\cn.ts
FN:4,cn
FNF:1
FNH:0
FNDA:0,cn
DA:1,0
DA:2,0
DA:4,0
DA:5,0
LF:4
LH:0
BRF:0
BRH:0
end_of_record
TN:
SF:src\lib\utils\env-validator.ts
FN:31,validateEnv
FN:81,getEnv
FN:88,getRequiredEnv
FN:103,hasEnv
FN:117,(anonymous_13)
FN:148,(anonymous_14)
FN:161,(anonymous_15)
FN:209,(anonymous_16)
FN:215,(anonymous_17)
FN:246,validateGarcezPalhaEnv
FN:253,logEnvValidation
FN:259,(anonymous_20)
FN:264,(anonymous_21)
FN:268,(anonymous_22)
FN:273,(anonymous_23)
FN:283,validateServiceEnv
FN:301,(anonymous_25)
FNF:17
FNH:0
FNDA:0,validateEnv
FNDA:0,getEnv
FNDA:0,getRequiredEnv
FNDA:0,hasEnv
FNDA:0,(anonymous_13)
FNDA:0,(anonymous_14)
FNDA:0,(anonymous_15)
FNDA:0,(anonymous_16)
FNDA:0,(anonymous_17)
FNDA:0,validateGarcezPalhaEnv
FNDA:0,logEnvValidation
FNDA:0,(anonymous_20)
FNDA:0,(anonymous_21)
FNDA:0,(anonymous_22)
FNDA:0,(anonymous_23)
FNDA:0,validateServiceEnv
FNDA:0,(anonymous_25)
DA:31,0
DA:32,0
DA:33,0
DA:34,0
DA:36,0
DA:37,0
DA:40,0
DA:41,0
DA:42,0
DA:47,0
DA:51,0
DA:52,0
DA:53,0
DA:57,0
DA:61,0
DA:62,0
DA:70,0
DA:81,0
DA:82,0
DA:88,0
DA:89,0
DA:91,0
DA:92,0
DA:97,0
DA:103,0
DA:104,0
DA:110,0
DA:117,0
DA:148,0
DA:161,0
DA:209,0
DA:215,0
DA:246,0
DA:247,0
DA:253,0
DA:254,0
DA:255,0
DA:257,0
DA:258,0
DA:259,0
DA:262,0
DA:263,0
DA:264,0
DA:266,0
DA:267,0
DA:268,0
DA:271,0
DA:272,0
DA:273,0
DA:276,0
DA:283,0
DA:284,0
DA:295,0
DA:297,0
DA:298,0
DA:301,0
LF:56
LH:0
BRDA:40,0,0,0
BRDA:40,0,1,0
BRDA:40,1,0,0
BRDA:40,1,1,0
BRDA:44,2,0,0
BRDA:44,2,1,0
BRDA:51,3,0,0
BRDA:51,3,1,0
BRDA:51,4,0,0
BRDA:51,4,1,0
BRDA:52,5,0,0
BRDA:52,5,1,0
BRDA:61,6,0,0
BRDA:61,6,1,0
BRDA:61,7,0,0
BRDA:61,7,1,0
BRDA:61,7,2,0
BRDA:64,8,0,0
BRDA:64,8,1,0
BRDA:82,9,0,0
BRDA:82,9,1,0
BRDA:82,9,2,0
BRDA:91,10,0,0
BRDA:91,10,1,0
BRDA:117,11,0,0
BRDA:117,11,1,0
BRDA:254,12,0,0
BRDA:254,12,1,0
BRDA:257,13,0,0
BRDA:257,13,1,0
BRDA:266,14,0,0
BRDA:266,14,1,0
BRDA:271,15,0,0
BRDA:271,15,1,0
BRDA:297,16,0,0
BRDA:297,16,1,0
BRF:36
BRH:0
end_of_record
TN:
SF:src\lib\utils\export.ts
FN:25,exportToCSV
FN:45,(anonymous_6)
FN:67,(anonymous_7)
FN:68,(anonymous_8)
FN:90,exportToExcel
FN:114,exportAnalyticsToCSV
FN:132,(anonymous_11)
FN:133,(anonymous_12)
FN:154,copyToClipboard
FN:157,(anonymous_14)
FNF:10
FNH:0
FNDA:0,exportToCSV
FNDA:0,(anonymous_6)
FNDA:0,(anonymous_7)
FNDA:0,(anonymous_8)
FNDA:0,exportToExcel
FNDA:0,exportAnalyticsToCSV
FNDA:0,(anonymous_11)
FNDA:0,(anonymous_12)
FNDA:0,copyToClipboard
FNDA:0,(anonymous_14)
DA:25,0
DA:27,0
DA:45,0
DA:65,0
DA:68,0
DA:73,0
DA:76,0
DA:77,0
DA:79,0
DA:80,0
DA:81,0
DA:82,0
DA:83,0
DA:84,0
DA:90,0
DA:96,0
DA:97,0
DA:114,0
DA:118,0
DA:119,0
DA:130,0
DA:133,0
DA:137,0
DA:140,0
DA:141,0
DA:143,0
DA:144,0
DA:145,0
DA:146,0
DA:147,0
DA:148,0
DA:154,0
DA:155,0
DA:158,0
DA:162,0
DA:163,0
DA:166,0
DA:167,0
DA:168,0
DA:169,0
DA:170,0
DA:171,0
DA:172,0
DA:173,0
LF:44
LH:0
BRDA:25,0,0,0
BRDA:49,1,0,0
BRDA:49,1,1,0
BRDA:59,2,0,0
BRDA:59,2,1,0
BRDA:92,3,0,0
BRDA:116,4,0,0
BRF:7
BRH:0
end_of_record
TN:
SF:src\lib\utils\logger.ts
FN:26,(anonymous_8)
FN:35,(anonymous_9)
FN:52,(anonymous_10)
FN:61,(anonymous_11)
FN:68,(anonymous_12)
FN:75,(anonymous_13)
FN:92,(anonymous_14)
FN:103,(anonymous_15)
FN:110,(anonymous_16)
FN:117,(anonymous_17)
FN:134,createLogger
FN:171,createTimer
FN:175,(anonymous_20)
FN:180,(anonymous_21)
FN:201,withLogging
FN:225,sanitizeLogData
FN:245,(anonymous_24)
FNF:17
FNH:0
FNDA:0,(anonymous_8)
FNDA:0,(anonymous_9)
FNDA:0,(anonymous_10)
FNDA:0,(anonymous_11)
FNDA:0,(anonymous_12)
FNDA:0,(anonymous_13)
FNDA:0,(anonymous_14)
FNDA:0,(anonymous_15)
FNDA:0,(anonymous_16)
FNDA:0,(anonymous_17)
FNDA:0,createLogger
FNDA:0,createTimer
FNDA:0,(anonymous_20)
FNDA:0,(anonymous_21)
FNDA:0,withLogging
FNDA:0,sanitizeLogData
FNDA:0,(anonymous_24)
DA:21,0
DA:27,0
DA:28,0
DA:29,0
DA:36,0
DA:38,0
DA:39,0
DA:42,0
DA:43,0
DA:44,0
DA:46,0
DA:53,0
DA:55,0
DA:62,0
DA:69,0
DA:76,0
DA:78,0
DA:79,0
DA:85,0
DA:93,0
DA:104,0
DA:111,0
DA:118,0
DA:119,0
DA:121,0
DA:122,0
DA:123,0
DA:124,0
DA:126,0
DA:134,0
DA:135,0
DA:141,0
DA:149,0
DA:171,0
DA:172,0
DA:174,0
DA:176,0
DA:177,0
DA:178,0
DA:181,0
DA:201,0
DA:207,0
DA:209,0
DA:210,0
DA:211,0
DA:212,0
DA:213,0
DA:214,0
DA:216,0
DA:217,0
DA:218,0
DA:225,0
DA:226,0
DA:227,0
DA:230,0
DA:231,0
DA:242,0
DA:243,0
DA:245,0
DA:246,0
DA:247,0
DA:248,0
DA:252,0
LF:63
LH:0
BRDA:28,0,0,0
BRDA:28,0,1,0
BRDA:29,1,0,0
BRDA:29,1,1,0
BRDA:38,2,0,0
BRDA:38,2,1,0
BRDA:53,3,0,0
BRDA:53,3,1,0
BRDA:55,4,0,0
BRDA:55,4,1,0
BRDA:62,5,0,0
BRDA:62,5,1,0
BRDA:69,6,0,0
BRDA:69,6,1,0
BRDA:78,7,0,0
BRDA:78,7,1,0
BRDA:82,8,0,0
BRDA:82,8,1,0
BRDA:85,9,0,0
BRDA:85,9,1,0
BRDA:118,10,0,0
BRDA:118,10,1,0
BRDA:118,11,0,0
BRDA:118,11,1,0
BRDA:121,12,0,0
BRDA:121,12,1,0
BRDA:123,13,0,0
BRDA:123,13,1,0
BRDA:226,14,0,0
BRDA:226,14,1,0
BRDA:226,15,0,0
BRDA:226,15,1,0
BRDA:245,16,0,0
BRDA:245,16,1,0
BRDA:247,17,0,0
BRDA:247,17,1,0
BRF:36
BRH:0
end_of_record
TN:
SF:src\lib\validators\document.ts
FN:12,isValidCPF
FN:60,isValidCNPJ
FN:108,validateDocument
FN:143,formatCPF
FN:154,formatCNPJ
FN:165,formatDocument
FN:184,maskCPF
FN:195,maskCNPJ
FNF:8
FNH:8
FNDA:9,isValidCPF
FNDA:9,isValidCNPJ
FNDA:3,validateDocument
FNDA:3,formatCPF
FNDA:3,formatCNPJ
FNDA:3,formatDocument
FNDA:1,maskCPF
FNDA:1,maskCNPJ
DA:12,8
DA:14,9
DA:17,9
DA:18,3
DA:22,6
DA:23,2
DA:27,4
DA:28,4
DA:29,36
DA:31,4
DA:32,4
DA:33,1
DA:35,4
DA:36,0
DA:40,4
DA:41,4
DA:42,40
DA:44,4
DA:45,4
DA:46,0
DA:48,4
DA:49,1
DA:52,3
DA:60,8
DA:62,9
DA:65,9
DA:66,3
DA:70,6
DA:71,2
DA:75,4
DA:76,4
DA:77,4
DA:78,48
DA:80,4
DA:81,4
DA:83,4
DA:84,1
DA:88,3
DA:89,3
DA:90,3
DA:91,39
DA:93,3
DA:94,3
DA:96,3
DA:97,0
DA:100,3
DA:108,3
DA:113,3
DA:115,3
DA:116,1
DA:123,2
DA:124,1
DA:131,1
DA:143,1
DA:144,3
DA:145,3
DA:146,3
DA:154,1
DA:155,3
DA:156,3
DA:157,3
DA:165,3
DA:166,3
DA:168,3
DA:169,1
DA:172,2
DA:173,1
DA:176,1
DA:184,1
DA:185,1
DA:186,1
DA:187,1
DA:195,1
DA:196,1
DA:197,1
DA:198,1
LF:76
LH:73
BRDA:17,0,0,3
BRDA:17,0,1,6
BRDA:22,1,0,2
BRDA:22,1,1,4
BRDA:32,2,0,1
BRDA:32,2,1,3
BRDA:32,3,0,4
BRDA:32,3,1,3
BRDA:35,4,0,0
BRDA:35,4,1,4
BRDA:45,5,0,0
BRDA:45,5,1,4
BRDA:45,6,0,4
BRDA:45,6,1,4
BRDA:48,7,0,1
BRDA:48,7,1,3
BRDA:65,8,0,3
BRDA:65,8,1,6
BRDA:70,9,0,2
BRDA:70,9,1,4
BRDA:81,10,0,0
BRDA:81,10,1,4
BRDA:83,11,0,1
BRDA:83,11,1,3
BRDA:94,12,0,0
BRDA:94,12,1,3
BRDA:96,13,0,0
BRDA:96,13,1,3
BRDA:115,14,0,1
BRDA:115,14,1,2
BRDA:123,15,0,1
BRDA:123,15,1,1
BRDA:145,16,0,0
BRDA:145,16,1,3
BRDA:156,17,0,0
BRDA:156,17,1,3
BRDA:168,18,0,1
BRDA:168,18,1,2
BRDA:172,19,0,1
BRDA:172,19,1,1
BRDA:186,20,0,0
BRDA:186,20,1,1
BRDA:197,21,0,0
BRDA:197,21,1,1
BRF:44
BRH:35
end_of_record
TN:
SF:src\lib\whatsapp\cloud-api.ts
FN:50,(anonymous_3)
FN:62,(anonymous_4)
FN:69,(anonymous_5)
FN:122,(anonymous_6)
FN:176,(anonymous_7)
FN:209,(anonymous_8)
FN:239,(anonymous_9)
FN:266,(anonymous_10)
FNF:8
FNH:0
FNDA:0,(anonymous_3)
FNDA:0,(anonymous_4)
FNDA:0,(anonymous_5)
FNDA:0,(anonymous_6)
FNDA:0,(anonymous_7)
FNDA:0,(anonymous_8)
FNDA:0,(anonymous_9)
FNDA:0,(anonymous_10)
DA:11,0
DA:12,0
DA:15,0
DA:51,0
DA:52,0
DA:54,0
DA:55,0
DA:63,0
DA:70,0
DA:71,0
DA:72,0
DA:76,0
DA:81,0
DA:83,0
DA:85,0
DA:96,0
DA:97,0
DA:106,0
DA:107,0
DA:108,0
DA:109,0
DA:112,0
DA:114,0
DA:115,0
DA:128,0
DA:129,0
DA:130,0
DA:133,0
DA:134,0
DA:136,0
DA:150,0
DA:151,0
DA:160,0
DA:161,0
DA:162,0
DA:163,0
DA:166,0
DA:168,0
DA:169,0
DA:177,0
DA:178,0
DA:181,0
DA:183,0
DA:189,0
DA:190,0
DA:199,0
DA:201,0
DA:202,0
DA:210,0
DA:211,0
DA:214,0
DA:215,0
DA:224,0
DA:225,0
DA:228,0
DA:229,0
DA:231,0
DA:232,0
DA:240,0
DA:241,0
DA:242,0
DA:245,0
DA:246,0
DA:252,0
DA:253,0
DA:256,0
DA:258,0
DA:259,0
DA:267,0
DA:268,0
DA:269,0
DA:270,0
DA:272,0
DA:273,0
DA:276,0
DA:288,0
DA:289,0
DA:295,0
DA:298,0
LF:79
LH:0
BRDA:51,0,0,0
BRDA:51,0,1,0
BRDA:52,1,0,0
BRDA:52,1,1,0
BRDA:54,2,0,0
BRDA:54,2,1,0
BRDA:54,3,0,0
BRDA:54,3,1,0
BRDA:63,4,0,0
BRDA:63,4,1,0
BRDA:69,5,0,0
BRDA:70,6,0,0
BRDA:70,6,1,0
BRDA:76,7,0,0
BRDA:76,7,1,0
BRDA:106,8,0,0
BRDA:106,8,1,0
BRDA:125,9,0,0
BRDA:128,10,0,0
BRDA:128,10,1,0
BRDA:146,11,0,0
BRDA:146,11,1,0
BRDA:160,12,0,0
BRDA:160,12,1,0
BRDA:177,13,0,0
BRDA:177,13,1,0
BRDA:210,14,0,0
BRDA:210,14,1,0
BRDA:224,15,0,0
BRDA:224,15,1,0
BRDA:229,16,0,0
BRDA:229,16,1,0
BRDA:241,17,0,0
BRDA:241,17,1,0
BRDA:252,18,0,0
BRDA:252,18,1,0
BRDA:272,19,0,0
BRDA:272,19,1,0
BRF:38
BRH:0
end_of_record
TN:
SF:src\lib\whatsapp\message-handler.ts
FN:30,(anonymous_1)
FN:37,(anonymous_2)
FN:124,(anonymous_3)
FN:157,(anonymous_4)
FN:171,(anonymous_5)
FN:188,(anonymous_6)
FN:197,(anonymous_7)
FN:209,(anonymous_8)
FN:219,(anonymous_9)
FN:254,(anonymous_10)
FN:262,(anonymous_11)
FN:286,(anonymous_12)
FN:294,(anonymous_13)
FN:317,(anonymous_14)
FN:325,(anonymous_15)
FN:346,(anonymous_16)
FN:385,(anonymous_17)
FN:406,(anonymous_18)
FN:409,(anonymous_19)
FN:415,(anonymous_20)
FN:423,(anonymous_21)
FN:431,(anonymous_22)
FNF:22
FNH:0
FNDA:0,(anonymous_1)
FNDA:0,(anonymous_2)
FNDA:0,(anonymous_3)
FNDA:0,(anonymous_4)
FNDA:0,(anonymous_5)
FNDA:0,(anonymous_6)
FNDA:0,(anonymous_7)
FNDA:0,(anonymous_8)
FNDA:0,(anonymous_9)
FNDA:0,(anonymous_10)
FNDA:0,(anonymous_11)
FNDA:0,(anonymous_12)
FNDA:0,(anonymous_13)
FNDA:0,(anonymous_14)
FNDA:0,(anonymous_15)
FNDA:0,(anonymous_16)
FNDA:0,(anonymous_17)
FNDA:0,(anonymous_18)
FNDA:0,(anonymous_19)
FNDA:0,(anonymous_20)
FNDA:0,(anonymous_21)
FNDA:0,(anonymous_22)
DA:6,0
DA:7,0
DA:10,0
DA:38,0
DA:40,0
DA:42,0
DA:44,0
DA:47,0
DA:49,0
DA:50,0
DA:51,0
DA:53,0
DA:54,0
DA:55,0
DA:56,0
DA:57,0
DA:59,0
DA:60,0
DA:61,0
DA:62,0
DA:63,0
DA:64,0
DA:65,0
DA:67,0
DA:68,0
DA:69,0
DA:73,0
DA:78,0
DA:81,0
DA:82,0
DA:83,0
DA:87,0
DA:88,0
DA:89,0
DA:93,0
DA:94,0
DA:95,0
DA:99,0
DA:102,0
DA:105,0
DA:111,0
DA:114,0
DA:115,0
DA:116,0
DA:117,0
DA:125,0
DA:126,0
DA:136,0
DA:139,0
DA:140,0
DA:141,0
DA:142,0
DA:144,0
DA:147,0
DA:150,0
DA:158,0
DA:160,0
DA:161,0
DA:162,0
DA:165,0
DA:172,0
DA:174,0
DA:175,0
DA:178,0
DA:179,0
DA:182,0
DA:189,0
DA:190,0
DA:191,0
DA:199,0
DA:200,0
DA:202,0
DA:203,0
DA:204,0
DA:205,0
DA:206,0
DA:208,0
DA:209,0
DA:213,0
DA:220,0
DA:221,0
DA:224,0
DA:225,0
DA:227,0
DA:228,0
DA:229,0
DA:230,0
DA:233,0
DA:234,0
DA:235,0
DA:237,0
DA:238,0
DA:240,0
DA:241,0
DA:244,0
DA:245,0
DA:248,0
DA:255,0
DA:256,0
DA:263,0
DA:287,0
DA:288,0
DA:295,0
DA:318,0
DA:319,0
DA:326,0
DA:347,0
DA:348,0
DA:349,0
DA:350,0
DA:351,0
DA:354,0
DA:355,0
DA:356,0
DA:357,0
DA:358,0
DA:360,0
DA:368,0
DA:369,0
DA:370,0
DA:373,0
DA:374,0
DA:377,0
DA:378,0
DA:386,0
DA:388,0
DA:389,0
DA:397,0
DA:400,0
DA:407,0
DA:408,0
DA:409,0
DA:416,0
DA:417,0
DA:424,0
DA:425,0
DA:432,0
DA:433,0
DA:434,0
DA:436,0
DA:437,0
DA:438,0
DA:439,0
DA:443,0
DA:448,0
LF:145
LH:0
BRDA:49,0,0,0
BRDA:49,0,1,0
BRDA:49,1,0,0
BRDA:49,1,1,0
BRDA:51,2,0,0
BRDA:51,2,1,0
BRDA:51,3,0,0
BRDA:51,3,1,0
BRDA:54,4,0,0
BRDA:54,4,1,0
BRDA:60,5,0,0
BRDA:60,5,1,0
BRDA:60,6,0,0
BRDA:60,6,1,0
BRDA:62,7,0,0
BRDA:62,7,1,0
BRDA:62,8,0,0
BRDA:62,8,1,0
BRDA:81,9,0,0
BRDA:81,9,1,0
BRDA:81,10,0,0
BRDA:81,10,1,0
BRDA:87,11,0,0
BRDA:87,11,1,0
BRDA:93,12,0,0
BRDA:93,12,1,0
BRDA:139,13,0,0
BRDA:139,13,1,0
BRDA:141,14,0,0
BRDA:141,14,1,0
BRDA:160,15,0,0
BRDA:160,15,1,0
BRDA:174,16,0,0
BRDA:174,16,1,0
BRDA:178,17,0,0
BRDA:178,17,1,0
BRDA:197,18,0,0
BRDA:204,19,0,0
BRDA:204,19,1,0
BRDA:208,20,0,0
BRDA:208,20,1,0
BRDA:220,21,0,0
BRDA:220,21,1,0
BRDA:228,22,0,0
BRDA:228,22,1,0
BRDA:234,23,0,0
BRDA:234,23,1,0
BRDA:237,24,0,0
BRDA:237,24,1,0
BRDA:240,25,0,0
BRDA:240,25,1,0
BRDA:349,26,0,0
BRDA:349,26,1,0
BRDA:368,27,0,0
BRDA:368,27,1,0
BRDA:374,28,0,0
BRDA:374,28,1,0
BRDA:388,29,0,0
BRDA:388,29,1,0
BRDA:409,30,0,0
BRDA:409,30,1,0
BRDA:437,31,0,0
BRDA:437,31,1,0
BRF:63
BRH:0
end_of_record
TN:
SF:src\lib\whatsapp\qualification-handler.ts
FN:186,(anonymous_6)
FN:230,(anonymous_7)
FN:290,(anonymous_8)
FN:310,(anonymous_9)
FN:330,(anonymous_10)
FN:343,(anonymous_11)
FN:355,(anonymous_12)
FN:367,(anonymous_13)
FN:390,(anonymous_14)
FN:405,(anonymous_15)
FN:417,(anonymous_16)
FN:418,(anonymous_17)
FN:421,(anonymous_18)
FN:434,(anonymous_19)
FN:444,(anonymous_20)
FN:462,(anonymous_21)
FN:480,(anonymous_22)
FN:531,(anonymous_23)
FN:584,(anonymous_24)
FN:599,(anonymous_25)
FN:606,(anonymous_26)
FN:620,(anonymous_27)
FN:621,(anonymous_28)
FNF:23
FNH:0
FNDA:0,(anonymous_6)
FNDA:0,(anonymous_7)
FNDA:0,(anonymous_8)
FNDA:0,(anonymous_9)
FNDA:0,(anonymous_10)
FNDA:0,(anonymous_11)
FNDA:0,(anonymous_12)
FNDA:0,(anonymous_13)
FNDA:0,(anonymous_14)
FNDA:0,(anonymous_15)
FNDA:0,(anonymous_16)
FNDA:0,(anonymous_17)
FNDA:0,(anonymous_18)
FNDA:0,(anonymous_19)
FNDA:0,(anonymous_20)
FNDA:0,(anonymous_21)
FNDA:0,(anonymous_22)
FNDA:0,(anonymous_23)
FNDA:0,(anonymous_24)
FNDA:0,(anonymous_25)
FNDA:0,(anonymous_26)
FNDA:0,(anonymous_27)
FNDA:0,(anonymous_28)
DA:6,0
DA:15,0
DA:56,0
DA:180,0
DA:182,0
DA:191,0
DA:192,0
DA:193,0
DA:197,0
DA:198,0
DA:208,0
DA:218,0
DA:221,0
DA:224,0
DA:231,0
DA:232,0
DA:233,0
DA:237,0
DA:240,0
DA:243,0
DA:244,0
DA:245,0
DA:249,0
DA:253,0
DA:254,0
DA:255,0
DA:259,0
DA:260,0
DA:264,0
DA:271,0
DA:272,0
DA:273,0
DA:276,0
DA:277,0
DA:283,0
DA:291,0
DA:292,0
DA:294,0
DA:295,0
DA:296,0
DA:299,0
DA:300,0
DA:301,0
DA:302,0
DA:303,0
DA:304,0
DA:305,0
DA:306,0
DA:308,0
DA:309,0
DA:310,0
DA:311,0
DA:313,0
DA:316,0
DA:318,0
DA:321,0
DA:324,0
DA:331,0
DA:332,0
DA:334,0
DA:335,0
DA:337,0
DA:347,0
DA:349,0
DA:350,0
DA:353,0
DA:354,0
DA:355,0
DA:356,0
DA:358,0
DA:361,0
DA:372,0
DA:384,0
DA:394,0
DA:396,0
DA:398,0
DA:399,0
DA:400,0
DA:404,0
DA:406,0
DA:410,0
DA:413,0
DA:415,0
DA:417,0
DA:418,0
DA:420,0
DA:421,0
DA:424,0
DA:428,0
DA:435,0
DA:436,0
DA:437,0
DA:438,0
DA:445,0
DA:447,0
DA:449,0
DA:451,0
DA:453,0
DA:455,0
DA:463,0
DA:465,0
DA:467,0
DA:469,0
DA:471,0
DA:473,0
DA:481,0
DA:483,0
DA:495,0
DA:507,0
DA:517,0
DA:535,0
DA:536,0
DA:537,0
DA:539,0
DA:561,0
DA:567,0
DA:568,0
DA:571,0
DA:573,0
DA:582,0
DA:583,0
DA:584,0
DA:585,0
DA:586,0
DA:588,0
DA:592,0
DA:600,0
DA:607,0
DA:608,0
DA:609,0
DA:610,0
DA:621,0
DA:630,0
LF:133
LH:0
BRDA:192,0,0,0
BRDA:192,0,1,0
BRDA:232,1,0,0
BRDA:232,1,1,0
BRDA:244,2,0,0
BRDA:244,2,1,0
BRDA:254,3,0,0
BRDA:254,3,1,0
BRDA:272,4,0,0
BRDA:272,4,1,0
BRDA:292,5,0,0
BRDA:292,5,1,0
BRDA:308,6,0,0
BRDA:308,6,1,0
BRDA:332,7,0,0
BRDA:332,7,1,0
BRDA:335,8,0,0
BRDA:335,8,1,0
BRDA:349,9,0,0
BRDA:349,9,1,0
BRDA:353,10,0,0
BRDA:353,10,1,0
BRDA:353,11,0,0
BRDA:353,11,1,0
BRDA:396,12,0,0
BRDA:396,12,1,0
BRDA:396,13,0,0
BRDA:396,13,1,0
BRDA:399,14,0,0
BRDA:399,14,1,0
BRDA:399,15,0,0
BRDA:399,15,1,0
BRDA:406,16,0,0
BRDA:406,16,1,0
BRDA:410,17,0,0
BRDA:410,17,1,0
BRDA:413,18,0,0
BRDA:413,18,1,0
BRDA:413,19,0,0
BRDA:413,19,1,0
BRDA:418,20,0,0
BRDA:418,20,1,0
BRDA:420,21,0,0
BRDA:420,21,1,0
BRDA:445,22,0,0
BRDA:445,22,1,0
BRDA:445,22,2,0
BRDA:445,22,3,0
BRDA:445,22,4,0
BRDA:463,23,0,0
BRDA:463,23,1,0
BRDA:463,23,2,0
BRDA:463,23,3,0
BRDA:463,23,4,0
BRDA:481,24,0,0
BRDA:481,24,1,0
BRDA:481,24,2,0
BRDA:481,24,3,0
BRDA:567,25,0,0
BRDA:567,25,1,0
BRDA:582,26,0,0
BRDA:582,26,1,0
BRDA:582,27,0,0
BRDA:582,27,1,0
BRDA:608,28,0,0
BRDA:608,28,1,0
BRF:66
BRH:0
end_of_record
TN:
SF:src\lib\whatsapp\twilio-client.ts
FN:29,getTwilioClient
FN:62,sendTwilioMessage
FN:165,isTwilioConfigured
FN:173,getTwilioConfig
FN:197,sendBatchMessages
FN:210,(anonymous_11)
FNF:6
FNH:0
FNDA:0,getTwilioClient
FNDA:0,sendTwilioMessage
FNDA:0,isTwilioConfigured
FNDA:0,getTwilioConfig
FNDA:0,sendBatchMessages
FNDA:0,(anonymous_11)
DA:1,0
DA:7,0
DA:16,0
DA:23,0
DA:30,0
DA:31,0
DA:36,0
DA:37,0
DA:40,0
DA:41,0
DA:42,0
DA:45,0
DA:62,0
DA:70,0
DA:72,0
DA:73,0
DA:75,0
DA:76,0
DA:84,0
DA:85,0
DA:92,0
DA:93,0
DA:101,0
DA:105,0
DA:112,0
DA:119,0
DA:121,0
DA:127,0
DA:130,0
DA:132,0
DA:139,0
DA:140,0
DA:144,0
DA:145,0
DA:153,0
DA:165,0
DA:166,0
DA:173,0
DA:174,0
DA:197,0
DA:201,0
DA:203,0
DA:204,0
DA:205,0
DA:206,0
DA:209,0
DA:210,0
DA:213,0
DA:214,0
DA:215,0
DA:219,0
LF:51
LH:0
BRDA:17,0,0,0
BRDA:17,0,1,0
BRDA:18,1,0,0
BRDA:18,1,1,0
BRDA:19,2,0,0
BRDA:19,2,1,0
BRDA:30,3,0,0
BRDA:30,3,1,0
BRDA:30,4,0,0
BRDA:30,4,1,0
BRDA:40,5,0,0
BRDA:40,5,1,0
BRDA:75,6,0,0
BRDA:75,6,1,0
BRDA:84,7,0,0
BRDA:84,7,1,0
BRDA:84,8,0,0
BRDA:84,8,1,0
BRDA:92,9,0,0
BRDA:92,9,1,0
BRDA:101,10,0,0
BRDA:101,10,1,0
BRDA:133,11,0,0
BRDA:133,11,1,0
BRDA:139,12,0,0
BRDA:139,12,1,0
BRDA:144,13,0,0
BRDA:144,13,1,0
BRDA:166,14,0,0
BRDA:166,14,1,0
BRDA:166,14,2,0
BRDA:176,15,0,0
BRDA:176,15,1,0
BRDA:177,16,0,0
BRDA:177,16,1,0
BRDA:199,17,0,0
BRDA:209,18,0,0
BRDA:209,18,1,0
BRDA:213,19,0,0
BRDA:213,19,1,0
BRF:40
BRH:0
end_of_record
TN:
SF:src\lib\whatsapp\types.ts
FN:257,(anonymous_6)
FN:300,isTwilioWebhookPayload
FN:313,isWhatsAppIncomingMessage
FN:325,formatPhoneNumber
FN:332,toWhatsAppFormat
FNF:5
FNH:0
FNDA:0,(anonymous_6)
FNDA:0,isTwilioWebhookPayload
FNDA:0,isWhatsAppIncomingMessage
FNDA:0,formatPhoneNumber
FNDA:0,toWhatsAppFormat
DA:256,0
DA:259,0
DA:260,0
DA:261,0
DA:263,0
DA:264,0
DA:300,0
DA:301,0
DA:313,0
DA:314,0
DA:325,0
DA:326,0
DA:332,0
DA:333,0
LF:14
LH:0
BRDA:302,0,0,0
BRDA:302,0,1,0
BRDA:302,0,2,0
BRDA:302,0,3,0
BRDA:302,0,4,0
BRDA:315,1,0,0
BRDA:315,1,1,0
BRDA:315,1,2,0
BRDA:315,1,3,0
BRF:9
BRH:0
end_of_record
TN:
SF:src\types\checkout.ts
FN:442,getSolutionById
FN:443,(anonymous_7)
FN:449,formatCurrency
FNF:3
FNH:0
FNDA:0,getSolutionById
FNDA:0,(anonymous_7)
FNDA:0,formatCurrency
DA:69,0
DA:440,0
DA:442,0
DA:443,0
DA:447,0
DA:449,0
DA:450,0
LF:7
LH:0
BRF:0
BRH:0
end_of_record
TN:
SF:src\types\next-auth.d.ts
FNF:0
FNH:0
DA:1,0
DA:2,0
LF:2
LH:0
BRF:0
BRH:0
end_of_record
